[ 2016-07-06T11:25:41+08:00 ] ::1 /1/
INFO: [ app_init ] --START--
INFO: Run Behavior\BuildLiteBehavior [ RunTime:0.000046s ]
INFO: [ app_init ] --END-- [ RunTime:0.001697s ]
INFO: [ app_begin ] --START--
INFO: Run Behavior\ReadHtmlCacheBehavior [ RunTime:0.001012s ]
INFO: [ app_begin ] --END-- [ RunTime:0.001168s ]
INFO: [ view_parse ] --START--
INFO: [ template_filter ] --START--
INFO: Run Behavior\ContentReplaceBehavior [ RunTime:0.000862s ]
INFO: [ template_filter ] --END-- [ RunTime:0.001000s ]
INFO: Run Behavior\ParseTemplateBehavior [ RunTime:0.007206s ]
INFO: [ view_parse ] --END-- [ RunTime:0.007368s ]
INFO: [ view_filter ] --START--
INFO: Run Behavior\WriteHtmlCacheBehavior [ RunTime:0.000392s ]
INFO: [ view_filter ] --END-- [ RunTime:0.000514s ]
INFO: [ app_end ] --START--
INFO: Run Behavior\ShowPageTraceBehavior [ RunTime:0.000821s ]
INFO: [ app_end ] --END-- [ RunTime:0.000989s ]

[ 2016-07-06T14:54:32+08:00 ] ::1 /1/
INFO: [ app_init ] --START--
INFO: Run Behavior\BuildLiteBehavior [ RunTime:0.000034s ]
INFO: [ app_init ] --END-- [ RunTime:0.001004s ]
INFO: [ app_begin ] --START--
INFO: Run Behavior\ReadHtmlCacheBehavior [ RunTime:0.001868s ]
INFO: [ app_begin ] --END-- [ RunTime:0.002039s ]
ERR: 非法操作:index

[ 2016-07-06T14:55:36+08:00 ] ::1 /1/
INFO: [ app_init ] --START--
INFO: Run Behavior\BuildLiteBehavior [ RunTime:0.000030s ]
INFO: [ app_init ] --END-- [ RunTime:0.000475s ]
INFO: [ app_begin ] --START--
INFO: Run Behavior\ReadHtmlCacheBehavior [ RunTime:0.000524s ]
INFO: [ app_begin ] --END-- [ RunTime:0.000673s ]
ERR: 非法操作:index

[ 2016-07-06T14:55:38+08:00 ] ::1 /1/
INFO: [ app_init ] --START--
INFO: Run Behavior\BuildLiteBehavior [ RunTime:0.000034s ]
INFO: [ app_init ] --END-- [ RunTime:0.000552s ]
INFO: [ app_begin ] --START--
INFO: Run Behavior\ReadHtmlCacheBehavior [ RunTime:0.000912s ]
INFO: [ app_begin ] --END-- [ RunTime:0.001197s ]
ERR: 非法操作:index

[ 2016-07-06T14:55:52+08:00 ] ::1 /1/
INFO: [ app_init ] --START--
INFO: Run Behavior\BuildLiteBehavior [ RunTime:0.000031s ]
INFO: [ app_init ] --END-- [ RunTime:0.000466s ]
INFO: [ app_begin ] --START--
INFO: Run Behavior\ReadHtmlCacheBehavior [ RunTime:0.000518s ]
INFO: [ app_begin ] --END-- [ RunTime:0.000664s ]
ERR: 非法操作:index

[ 2016-07-06T15:06:55+08:00 ] ::1 /1/
INFO: [ app_init ] --START--
INFO: Run Behavior\BuildLiteBehavior [ RunTime:0.000056s ]
INFO: [ app_init ] --END-- [ RunTime:0.000908s ]
INFO: [ app_begin ] --START--
INFO: Run Behavior\ReadHtmlCacheBehavior [ RunTime:0.001124s ]
INFO: [ app_begin ] --END-- [ RunTime:0.001350s ]
ERR: 非法操作:index

[ 2016-07-06T15:07:30+08:00 ] ::1 /1/
INFO: [ app_init ] --START--
INFO: Run Behavior\BuildLiteBehavior [ RunTime:0.000032s ]
INFO: [ app_init ] --END-- [ RunTime:0.000485s ]
INFO: [ app_begin ] --START--
INFO: Run Behavior\ReadHtmlCacheBehavior [ RunTime:0.000519s ]
INFO: [ app_begin ] --END-- [ RunTime:0.000664s ]
INFO: [ view_parse ] --START--
INFO: Run Behavior\ParseTemplateBehavior [ RunTime:0.012016s ]
INFO: [ view_parse ] --END-- [ RunTime:0.012241s ]
INFO: [ view_filter ] --START--
INFO: Run Behavior\WriteHtmlCacheBehavior [ RunTime:0.010644s ]
INFO: [ view_filter ] --END-- [ RunTime:0.010868s ]
INFO: [ app_end ] --START--
INFO: Run Behavior\ShowPageTraceBehavior [ RunTime:0.001841s ]
INFO: [ app_end ] --END-- [ RunTime:0.002176s ]

[ 2016-07-06T15:33:32+08:00 ] ::1 /1/
INFO: [ app_init ] --START--
INFO: Run Behavior\BuildLiteBehavior [ RunTime:0.000075s ]
INFO: [ app_init ] --END-- [ RunTime:0.002171s ]
INFO: [ app_begin ] --START--
INFO: Run Behavior\ReadHtmlCacheBehavior [ RunTime:0.001078s ]
INFO: [ app_begin ] --END-- [ RunTime:0.001407s ]
INFO: [ view_parse ] --START--
INFO: Run Behavior\ParseTemplateBehavior [ RunTime:0.001003s ]
INFO: [ view_parse ] --END-- [ RunTime:0.001304s ]
INFO: [ view_filter ] --START--
INFO: Run Behavior\WriteHtmlCacheBehavior [ RunTime:0.000693s ]
INFO: [ view_filter ] --END-- [ RunTime:0.000899s ]
INFO: [ app_end ] --START--
INFO: Run Behavior\ShowPageTraceBehavior [ RunTime:0.001013s ]
INFO: [ app_end ] --END-- [ RunTime:0.001224s ]

[ 2016-07-06T15:38:21+08:00 ] ::1 /1/
INFO: [ app_init ] --START--
INFO: Run Behavior\BuildLiteBehavior [ RunTime:0.000055s ]
INFO: [ app_init ] --END-- [ RunTime:0.000715s ]
INFO: [ app_begin ] --START--
INFO: Run Behavior\ReadHtmlCacheBehavior [ RunTime:0.000744s ]
INFO: [ app_begin ] --END-- [ RunTime:0.000912s ]
NOTIC: [2] require_once(config.php): failed to open stream: No such file or directory C:\wamp\www\1\Application\Home\Controller\IndexController.class.php 第 8 行.

[ 2016-07-06T15:38:48+08:00 ] ::1 /1/
INFO: [ app_init ] --START--
INFO: Run Behavior\BuildLiteBehavior [ RunTime:0.000029s ]
INFO: [ app_init ] --END-- [ RunTime:0.000178s ]
INFO: [ app_begin ] --START--
INFO: Run Behavior\ReadHtmlCacheBehavior [ RunTime:0.000537s ]
INFO: [ app_begin ] --END-- [ RunTime:0.000694s ]
NOTIC: [8] Undefined index: name C:\wamp\www\1\Application\Home\Controller\IndexController.class.php 第 9 行.
NOTIC: [8] Undefined index: password C:\wamp\www\1\Application\Home\Controller\IndexController.class.php 第 10 行.
NOTIC: [8] Undefined index: pwd_again C:\wamp\www\1\Application\Home\Controller\IndexController.class.php 第 11 行.
NOTIC: [8] Undefined index: phone_num C:\wamp\www\1\Application\Home\Controller\IndexController.class.php 第 12 行.
NOTIC: [8] Undefined index: rest_name C:\wamp\www\1\Application\Home\Controller\IndexController.class.php 第 13 行.
NOTIC: [8] Undefined index: description C:\wamp\www\1\Application\Home\Controller\IndexController.class.php 第 14 行.
NOTIC: [8] Undefined index: province C:\wamp\www\1\Application\Home\Controller\IndexController.class.php 第 15 行.
NOTIC: [8] Undefined index: city C:\wamp\www\1\Application\Home\Controller\IndexController.class.php 第 16 行.
NOTIC: [8] Undefined index: zone C:\wamp\www\1\Application\Home\Controller\IndexController.class.php 第 17 行.
NOTIC: [8] Undefined index: addr C:\wamp\www\1\Application\Home\Controller\IndexController.class.php 第 18 行.
NOTIC: [8] Undefined index: check C:\wamp\www\1\Application\Home\Controller\IndexController.class.php 第 19 行.
INFO: [ app_end ] --START--
INFO: Run Behavior\ShowPageTraceBehavior [ RunTime:0.002591s ]
INFO: [ app_end ] --END-- [ RunTime:0.003103s ]

[ 2016-07-06T15:40:45+08:00 ] ::1 /1/
INFO: [ app_init ] --START--
INFO: Run Behavior\BuildLiteBehavior [ RunTime:0.000053s ]
INFO: [ app_init ] --END-- [ RunTime:0.001208s ]
INFO: [ app_begin ] --START--
INFO: Run Behavior\ReadHtmlCacheBehavior [ RunTime:0.001149s ]
INFO: [ app_begin ] --END-- [ RunTime:0.001429s ]
NOTIC: [2] require_once(config.php): failed to open stream: No such file or directory C:\wamp\www\1\Application\Home\Controller\IndexController.class.php 第 8 行.

[ 2016-07-06T15:41:36+08:00 ] ::1 /1/
INFO: [ app_init ] --START--
INFO: Run Behavior\BuildLiteBehavior [ RunTime:0.000032s ]
INFO: [ app_init ] --END-- [ RunTime:0.000512s ]
INFO: [ app_begin ] --START--
INFO: Run Behavior\ReadHtmlCacheBehavior [ RunTime:0.000539s ]
INFO: [ app_begin ] --END-- [ RunTime:0.000690s ]
NOTIC: [8] Undefined index: name C:\wamp\www\1\Application\Home\Controller\IndexController.class.php 第 9 行.
NOTIC: [8] Undefined index: password C:\wamp\www\1\Application\Home\Controller\IndexController.class.php 第 10 行.
NOTIC: [8] Undefined index: pwd_again C:\wamp\www\1\Application\Home\Controller\IndexController.class.php 第 11 行.
NOTIC: [8] Undefined index: phone_num C:\wamp\www\1\Application\Home\Controller\IndexController.class.php 第 12 行.
NOTIC: [8] Undefined index: rest_name C:\wamp\www\1\Application\Home\Controller\IndexController.class.php 第 13 行.
NOTIC: [8] Undefined index: description C:\wamp\www\1\Application\Home\Controller\IndexController.class.php 第 14 行.
NOTIC: [8] Undefined index: province C:\wamp\www\1\Application\Home\Controller\IndexController.class.php 第 15 行.
NOTIC: [8] Undefined index: city C:\wamp\www\1\Application\Home\Controller\IndexController.class.php 第 16 行.
NOTIC: [8] Undefined index: zone C:\wamp\www\1\Application\Home\Controller\IndexController.class.php 第 17 行.
NOTIC: [8] Undefined index: addr C:\wamp\www\1\Application\Home\Controller\IndexController.class.php 第 18 行.
NOTIC: [8] Undefined index: check C:\wamp\www\1\Application\Home\Controller\IndexController.class.php 第 19 行.
INFO: [ app_end ] --START--
INFO: Run Behavior\ShowPageTraceBehavior [ RunTime:0.000648s ]
INFO: [ app_end ] --END-- [ RunTime:0.000792s ]

[ 2016-07-06T15:44:14+08:00 ] 127.0.0.1 /1/
INFO: [ app_init ] --START--
INFO: Run Behavior\BuildLiteBehavior [ RunTime:0.000031s ]
INFO: [ app_init ] --END-- [ RunTime:0.000561s ]
INFO: [ app_begin ] --START--
INFO: Run Behavior\ReadHtmlCacheBehavior [ RunTime:0.000691s ]
INFO: [ app_begin ] --END-- [ RunTime:0.000842s ]
NOTIC: [8] Undefined index: name C:\wamp\www\1\Application\Home\Controller\IndexController.class.php 第 10 行.
NOTIC: [8] Undefined index: password C:\wamp\www\1\Application\Home\Controller\IndexController.class.php 第 11 行.
NOTIC: [8] Undefined index: pwd_again C:\wamp\www\1\Application\Home\Controller\IndexController.class.php 第 12 行.
NOTIC: [8] Undefined index: phone_num C:\wamp\www\1\Application\Home\Controller\IndexController.class.php 第 13 行.
NOTIC: [8] Undefined index: rest_name C:\wamp\www\1\Application\Home\Controller\IndexController.class.php 第 14 行.
NOTIC: [8] Undefined index: description C:\wamp\www\1\Application\Home\Controller\IndexController.class.php 第 15 行.
NOTIC: [8] Undefined index: province C:\wamp\www\1\Application\Home\Controller\IndexController.class.php 第 16 行.
NOTIC: [8] Undefined index: city C:\wamp\www\1\Application\Home\Controller\IndexController.class.php 第 17 行.
NOTIC: [8] Undefined index: zone C:\wamp\www\1\Application\Home\Controller\IndexController.class.php 第 18 行.
NOTIC: [8] Undefined index: addr C:\wamp\www\1\Application\Home\Controller\IndexController.class.php 第 19 行.
NOTIC: [8] Undefined index: check C:\wamp\www\1\Application\Home\Controller\IndexController.class.php 第 20 行.
INFO: [ app_end ] --START--
INFO: Run Behavior\ShowPageTraceBehavior [ RunTime:0.000805s ]
INFO: [ app_end ] --END-- [ RunTime:0.000956s ]

[ 2016-07-06T15:45:22+08:00 ] 127.0.0.1 /1/
INFO: [ app_init ] --START--
INFO: Run Behavior\BuildLiteBehavior [ RunTime:0.000026s ]
INFO: [ app_init ] --END-- [ RunTime:0.000413s ]
INFO: [ app_begin ] --START--
INFO: Run Behavior\ReadHtmlCacheBehavior [ RunTime:0.000458s ]
INFO: [ app_begin ] --END-- [ RunTime:0.000579s ]
NOTIC: [8] Undefined index: name C:\wamp\www\1\Application\Home\Controller\IndexController.class.php 第 10 行.
NOTIC: [8] Undefined index: password C:\wamp\www\1\Application\Home\Controller\IndexController.class.php 第 11 行.
NOTIC: [8] Undefined index: pwd_again C:\wamp\www\1\Application\Home\Controller\IndexController.class.php 第 12 行.
NOTIC: [8] Undefined index: phone_num C:\wamp\www\1\Application\Home\Controller\IndexController.class.php 第 13 行.
NOTIC: [8] Undefined index: rest_name C:\wamp\www\1\Application\Home\Controller\IndexController.class.php 第 14 行.
NOTIC: [8] Undefined index: description C:\wamp\www\1\Application\Home\Controller\IndexController.class.php 第 15 行.
NOTIC: [8] Undefined index: province C:\wamp\www\1\Application\Home\Controller\IndexController.class.php 第 16 行.
NOTIC: [8] Undefined index: city C:\wamp\www\1\Application\Home\Controller\IndexController.class.php 第 17 行.
NOTIC: [8] Undefined index: zone C:\wamp\www\1\Application\Home\Controller\IndexController.class.php 第 18 行.
NOTIC: [8] Undefined index: addr C:\wamp\www\1\Application\Home\Controller\IndexController.class.php 第 19 行.
NOTIC: [8] Undefined index: check C:\wamp\www\1\Application\Home\Controller\IndexController.class.php 第 20 行.
INFO: [ app_end ] --START--
INFO: Run Behavior\ShowPageTraceBehavior [ RunTime:0.002802s ]
INFO: [ app_end ] --END-- [ RunTime:0.003045s ]

[ 2016-07-06T15:45:25+08:00 ] 127.0.0.1 /1/
INFO: [ app_init ] --START--
INFO: Run Behavior\BuildLiteBehavior [ RunTime:0.000033s ]
INFO: [ app_init ] --END-- [ RunTime:0.000582s ]
INFO: [ app_begin ] --START--
INFO: Run Behavior\ReadHtmlCacheBehavior [ RunTime:0.000709s ]
INFO: [ app_begin ] --END-- [ RunTime:0.000868s ]
NOTIC: [8] Undefined index: name C:\wamp\www\1\Application\Home\Controller\IndexController.class.php 第 10 行.
NOTIC: [8] Undefined index: password C:\wamp\www\1\Application\Home\Controller\IndexController.class.php 第 11 行.
NOTIC: [8] Undefined index: pwd_again C:\wamp\www\1\Application\Home\Controller\IndexController.class.php 第 12 行.
NOTIC: [8] Undefined index: phone_num C:\wamp\www\1\Application\Home\Controller\IndexController.class.php 第 13 行.
NOTIC: [8] Undefined index: rest_name C:\wamp\www\1\Application\Home\Controller\IndexController.class.php 第 14 行.
NOTIC: [8] Undefined index: description C:\wamp\www\1\Application\Home\Controller\IndexController.class.php 第 15 行.
NOTIC: [8] Undefined index: province C:\wamp\www\1\Application\Home\Controller\IndexController.class.php 第 16 行.
NOTIC: [8] Undefined index: city C:\wamp\www\1\Application\Home\Controller\IndexController.class.php 第 17 行.
NOTIC: [8] Undefined index: zone C:\wamp\www\1\Application\Home\Controller\IndexController.class.php 第 18 行.
NOTIC: [8] Undefined index: addr C:\wamp\www\1\Application\Home\Controller\IndexController.class.php 第 19 行.
NOTIC: [8] Undefined index: check C:\wamp\www\1\Application\Home\Controller\IndexController.class.php 第 20 行.
INFO: [ app_end ] --START--
INFO: Run Behavior\ShowPageTraceBehavior [ RunTime:0.000925s ]
INFO: [ app_end ] --END-- [ RunTime:0.001146s ]

[ 2016-07-06T15:47:06+08:00 ] 127.0.0.1 /1/
INFO: [ app_init ] --START--
INFO: Run Behavior\BuildLiteBehavior [ RunTime:0.000031s ]
INFO: [ app_init ] --END-- [ RunTime:0.000477s ]
INFO: [ app_begin ] --START--
INFO: Run Behavior\ReadHtmlCacheBehavior [ RunTime:0.000522s ]
INFO: [ app_begin ] --END-- [ RunTime:0.000669s ]
NOTIC: [8] Undefined index: name C:\wamp\www\1\Application\Home\Controller\IndexController.class.php 第 10 行.
NOTIC: [8] Undefined index: password C:\wamp\www\1\Application\Home\Controller\IndexController.class.php 第 11 行.
NOTIC: [8] Undefined index: pwd_again C:\wamp\www\1\Application\Home\Controller\IndexController.class.php 第 12 行.
NOTIC: [8] Undefined index: phone_num C:\wamp\www\1\Application\Home\Controller\IndexController.class.php 第 13 行.
NOTIC: [8] Undefined index: rest_name C:\wamp\www\1\Application\Home\Controller\IndexController.class.php 第 14 行.
NOTIC: [8] Undefined index: description C:\wamp\www\1\Application\Home\Controller\IndexController.class.php 第 15 行.
NOTIC: [8] Undefined index: province C:\wamp\www\1\Application\Home\Controller\IndexController.class.php 第 16 行.
NOTIC: [8] Undefined index: city C:\wamp\www\1\Application\Home\Controller\IndexController.class.php 第 17 行.
NOTIC: [8] Undefined index: zone C:\wamp\www\1\Application\Home\Controller\IndexController.class.php 第 18 行.
NOTIC: [8] Undefined index: addr C:\wamp\www\1\Application\Home\Controller\IndexController.class.php 第 19 行.
NOTIC: [8] Undefined index: check C:\wamp\www\1\Application\Home\Controller\IndexController.class.php 第 20 行.
INFO: [ app_end ] --START--
INFO: Run Behavior\ShowPageTraceBehavior [ RunTime:0.001946s ]
INFO: [ app_end ] --END-- [ RunTime:0.002443s ]

[ 2016-07-06T15:52:13+08:00 ] 127.0.0.1 /1/
INFO: [ app_init ] --START--
INFO: Run Behavior\BuildLiteBehavior [ RunTime:0.000039s ]
INFO: [ app_init ] --END-- [ RunTime:0.000537s ]
INFO: [ app_begin ] --START--
INFO: Run Behavior\ReadHtmlCacheBehavior [ RunTime:0.001111s ]
INFO: [ app_begin ] --END-- [ RunTime:0.001391s ]
NOTIC: [8] Undefined index: name C:\wamp\www\1\Application\Home\Controller\IndexController.class.php 第 10 行.
NOTIC: [8] Undefined index: password C:\wamp\www\1\Application\Home\Controller\IndexController.class.php 第 11 行.
NOTIC: [8] Undefined index: pwd_again C:\wamp\www\1\Application\Home\Controller\IndexController.class.php 第 12 行.
NOTIC: [8] Undefined index: phone_num C:\wamp\www\1\Application\Home\Controller\IndexController.class.php 第 13 行.
NOTIC: [8] Undefined index: rest_name C:\wamp\www\1\Application\Home\Controller\IndexController.class.php 第 14 行.
NOTIC: [8] Undefined index: description C:\wamp\www\1\Application\Home\Controller\IndexController.class.php 第 15 行.
NOTIC: [8] Undefined index: province C:\wamp\www\1\Application\Home\Controller\IndexController.class.php 第 16 行.
NOTIC: [8] Undefined index: city C:\wamp\www\1\Application\Home\Controller\IndexController.class.php 第 17 行.
NOTIC: [8] Undefined index: zone C:\wamp\www\1\Application\Home\Controller\IndexController.class.php 第 18 行.
NOTIC: [8] Undefined index: addr C:\wamp\www\1\Application\Home\Controller\IndexController.class.php 第 19 行.
NOTIC: [8] Undefined index: check C:\wamp\www\1\Application\Home\Controller\IndexController.class.php 第 20 行.
INFO: [ app_end ] --START--
INFO: Run Behavior\ShowPageTraceBehavior [ RunTime:0.001206s ]
INFO: [ app_end ] --END-- [ RunTime:0.001430s ]

[ 2016-07-06T15:53:37+08:00 ] 127.0.0.1 /1/
INFO: [ app_init ] --START--
INFO: Run Behavior\BuildLiteBehavior [ RunTime:0.000035s ]
INFO: [ app_init ] --END-- [ RunTime:0.000615s ]
INFO: [ app_begin ] --START--
INFO: Run Behavior\ReadHtmlCacheBehavior [ RunTime:0.000582s ]
INFO: [ app_begin ] --END-- [ RunTime:0.000765s ]
NOTIC: [8] Undefined index: name C:\wamp\www\1\Application\Home\Controller\IndexController.class.php 第 10 行.
NOTIC: [8] Undefined index: password C:\wamp\www\1\Application\Home\Controller\IndexController.class.php 第 11 行.
NOTIC: [8] Undefined index: pwd_again C:\wamp\www\1\Application\Home\Controller\IndexController.class.php 第 12 行.
NOTIC: [8] Undefined index: phone_num C:\wamp\www\1\Application\Home\Controller\IndexController.class.php 第 13 行.
NOTIC: [8] Undefined index: rest_name C:\wamp\www\1\Application\Home\Controller\IndexController.class.php 第 14 行.
NOTIC: [8] Undefined index: description C:\wamp\www\1\Application\Home\Controller\IndexController.class.php 第 15 行.
NOTIC: [8] Undefined index: province C:\wamp\www\1\Application\Home\Controller\IndexController.class.php 第 16 行.
NOTIC: [8] Undefined index: city C:\wamp\www\1\Application\Home\Controller\IndexController.class.php 第 17 行.
NOTIC: [8] Undefined index: zone C:\wamp\www\1\Application\Home\Controller\IndexController.class.php 第 18 行.
NOTIC: [8] Undefined index: addr C:\wamp\www\1\Application\Home\Controller\IndexController.class.php 第 19 行.
NOTIC: [8] Undefined index: check C:\wamp\www\1\Application\Home\Controller\IndexController.class.php 第 20 行.
INFO: [ app_end ] --START--
INFO: Run Behavior\ShowPageTraceBehavior [ RunTime:0.001164s ]
INFO: [ app_end ] --END-- [ RunTime:0.001390s ]

[ 2016-07-06T16:13:46+08:00 ] 127.0.0.1 /1/
INFO: [ app_init ] --START--
INFO: Run Behavior\BuildLiteBehavior [ RunTime:0.000034s ]
INFO: [ app_init ] --END-- [ RunTime:0.000575s ]
INFO: [ app_begin ] --START--
INFO: Run Behavior\ReadHtmlCacheBehavior [ RunTime:0.001596s ]
INFO: [ app_begin ] --END-- [ RunTime:0.001938s ]
INFO: [ view_parse ] --START--
INFO: [ template_filter ] --START--
INFO: Run Behavior\ContentReplaceBehavior [ RunTime:0.000100s ]
INFO: [ template_filter ] --END-- [ RunTime:0.000265s ]
INFO: Run Behavior\ParseTemplateBehavior [ RunTime:0.042159s ]
INFO: [ view_parse ] --END-- [ RunTime:0.042406s ]
INFO: [ view_filter ] --START--
INFO: Run Behavior\WriteHtmlCacheBehavior [ RunTime:0.000753s ]
INFO: [ view_filter ] --END-- [ RunTime:0.001021s ]
NOTIC: [8] Undefined index: account C:\wamp\www\1\Application\Home\Controller\IndexController.class.php 第 7 行.
NOTIC: [8] Undefined index: password C:\wamp\www\1\Application\Home\Controller\IndexController.class.php 第 8 行.
NOTIC: [8] Undefined index: pwd_again C:\wamp\www\1\Application\Home\Controller\IndexController.class.php 第 9 行.
NOTIC: [8] Undefined index: phone_num C:\wamp\www\1\Application\Home\Controller\IndexController.class.php 第 10 行.
NOTIC: [8] Undefined index: rest_name C:\wamp\www\1\Application\Home\Controller\IndexController.class.php 第 11 行.
NOTIC: [8] Undefined index: description C:\wamp\www\1\Application\Home\Controller\IndexController.class.php 第 12 行.
NOTIC: [8] Undefined index: province C:\wamp\www\1\Application\Home\Controller\IndexController.class.php 第 13 行.
NOTIC: [8] Undefined index: city C:\wamp\www\1\Application\Home\Controller\IndexController.class.php 第 14 行.
NOTIC: [8] Undefined index: zone C:\wamp\www\1\Application\Home\Controller\IndexController.class.php 第 15 行.
NOTIC: [8] Undefined index: addr C:\wamp\www\1\Application\Home\Controller\IndexController.class.php 第 16 行.
INFO: [ app_end ] --START--
INFO: Run Behavior\ShowPageTraceBehavior [ RunTime:0.001326s ]
INFO: [ app_end ] --END-- [ RunTime:0.001554s ]

[ 2016-07-06T16:14:13+08:00 ] 127.0.0.1 /1/
INFO: [ app_init ] --START--
INFO: Run Behavior\BuildLiteBehavior [ RunTime:0.000105s ]
INFO: [ app_init ] --END-- [ RunTime:0.001403s ]
INFO: [ app_begin ] --START--
INFO: Run Behavior\ReadHtmlCacheBehavior [ RunTime:0.003343s ]
INFO: [ app_begin ] --END-- [ RunTime:0.004039s ]
INFO: [ view_parse ] --START--
INFO: [ template_filter ] --START--
INFO: Run Behavior\ContentReplaceBehavior [ RunTime:0.000227s ]
INFO: [ template_filter ] --END-- [ RunTime:0.000639s ]
INFO: Run Behavior\ParseTemplateBehavior [ RunTime:0.022788s ]
INFO: [ view_parse ] --END-- [ RunTime:0.023400s ]
INFO: [ view_filter ] --START--
INFO: Run Behavior\WriteHtmlCacheBehavior [ RunTime:0.001352s ]
INFO: [ view_filter ] --END-- [ RunTime:0.002455s ]
NOTIC: [8] Undefined index: account C:\wamp\www\1\Application\Home\Controller\IndexController.class.php 第 7 行.
NOTIC: [8] Undefined index: password C:\wamp\www\1\Application\Home\Controller\IndexController.class.php 第 8 行.
NOTIC: [8] Undefined index: pwd_again C:\wamp\www\1\Application\Home\Controller\IndexController.class.php 第 9 行.
NOTIC: [8] Undefined index: phone_num C:\wamp\www\1\Application\Home\Controller\IndexController.class.php 第 10 行.
NOTIC: [8] Undefined index: rest_name C:\wamp\www\1\Application\Home\Controller\IndexController.class.php 第 11 行.
NOTIC: [8] Undefined index: description C:\wamp\www\1\Application\Home\Controller\IndexController.class.php 第 12 行.
NOTIC: [8] Undefined index: province C:\wamp\www\1\Application\Home\Controller\IndexController.class.php 第 13 行.
NOTIC: [8] Undefined index: city C:\wamp\www\1\Application\Home\Controller\IndexController.class.php 第 14 行.
NOTIC: [8] Undefined index: zone C:\wamp\www\1\Application\Home\Controller\IndexController.class.php 第 15 行.
NOTIC: [8] Undefined index: addr C:\wamp\www\1\Application\Home\Controller\IndexController.class.php 第 16 行.
INFO: [ app_end ] --START--
INFO: Run Behavior\ShowPageTraceBehavior [ RunTime:0.001045s ]
INFO: [ app_end ] --END-- [ RunTime:0.001298s ]

[ 2016-07-06T16:14:52+08:00 ] 127.0.0.1 /1/
INFO: [ app_init ] --START--
INFO: Run Behavior\BuildLiteBehavior [ RunTime:0.000084s ]
INFO: [ app_init ] --END-- [ RunTime:0.001283s ]
INFO: [ app_begin ] --START--
INFO: Run Behavior\ReadHtmlCacheBehavior [ RunTime:0.001516s ]
INFO: [ app_begin ] --END-- [ RunTime:0.001952s ]
INFO: [ view_parse ] --START--
INFO: [ template_filter ] --START--
INFO: Run Behavior\ContentReplaceBehavior [ RunTime:0.000225s ]
INFO: [ template_filter ] --END-- [ RunTime:0.000656s ]
INFO: Run Behavior\ParseTemplateBehavior [ RunTime:0.019410s ]
INFO: [ view_parse ] --END-- [ RunTime:0.019858s ]
INFO: [ view_filter ] --START--
INFO: Run Behavior\WriteHtmlCacheBehavior [ RunTime:0.000900s ]
INFO: [ view_filter ] --END-- [ RunTime:0.001278s ]
NOTIC: [8] Undefined index: account C:\wamp\www\1\Application\Home\Controller\IndexController.class.php 第 7 行.
NOTIC: [8] Undefined index: password C:\wamp\www\1\Application\Home\Controller\IndexController.class.php 第 8 行.
NOTIC: [8] Undefined index: pwd_again C:\wamp\www\1\Application\Home\Controller\IndexController.class.php 第 9 行.
NOTIC: [8] Undefined index: phone_num C:\wamp\www\1\Application\Home\Controller\IndexController.class.php 第 10 行.
NOTIC: [8] Undefined index: rest_name C:\wamp\www\1\Application\Home\Controller\IndexController.class.php 第 11 行.
NOTIC: [8] Undefined index: description C:\wamp\www\1\Application\Home\Controller\IndexController.class.php 第 12 行.
NOTIC: [8] Undefined index: province C:\wamp\www\1\Application\Home\Controller\IndexController.class.php 第 13 行.
NOTIC: [8] Undefined index: city C:\wamp\www\1\Application\Home\Controller\IndexController.class.php 第 14 行.
NOTIC: [8] Undefined index: zone C:\wamp\www\1\Application\Home\Controller\IndexController.class.php 第 15 行.
NOTIC: [8] Undefined index: addr C:\wamp\www\1\Application\Home\Controller\IndexController.class.php 第 16 行.
INFO: [ app_end ] --START--
INFO: Run Behavior\ShowPageTraceBehavior [ RunTime:0.002405s ]
INFO: [ app_end ] --END-- [ RunTime:0.002940s ]

[ 2016-07-06T16:14:56+08:00 ] 127.0.0.1 /1/
INFO: [ app_init ] --START--
INFO: Run Behavior\BuildLiteBehavior [ RunTime:0.000082s ]
INFO: [ app_init ] --END-- [ RunTime:0.001335s ]
INFO: [ app_begin ] --START--
INFO: Run Behavior\ReadHtmlCacheBehavior [ RunTime:0.001415s ]
INFO: [ app_begin ] --END-- [ RunTime:0.001821s ]
INFO: [ view_parse ] --START--
INFO: [ template_filter ] --START--
INFO: Run Behavior\ContentReplaceBehavior [ RunTime:0.000253s ]
INFO: [ template_filter ] --END-- [ RunTime:0.000815s ]
INFO: Run Behavior\ParseTemplateBehavior [ RunTime:0.017708s ]
INFO: [ view_parse ] --END-- [ RunTime:0.018162s ]
INFO: [ view_filter ] --START--
INFO: Run Behavior\WriteHtmlCacheBehavior [ RunTime:0.000872s ]
INFO: [ view_filter ] --END-- [ RunTime:0.001293s ]
NOTIC: [8] Undefined index: account C:\wamp\www\1\Application\Home\Controller\IndexController.class.php 第 7 行.
NOTIC: [8] Undefined index: password C:\wamp\www\1\Application\Home\Controller\IndexController.class.php 第 8 行.
NOTIC: [8] Undefined index: pwd_again C:\wamp\www\1\Application\Home\Controller\IndexController.class.php 第 9 行.
NOTIC: [8] Undefined index: phone_num C:\wamp\www\1\Application\Home\Controller\IndexController.class.php 第 10 行.
NOTIC: [8] Undefined index: rest_name C:\wamp\www\1\Application\Home\Controller\IndexController.class.php 第 11 行.
NOTIC: [8] Undefined index: description C:\wamp\www\1\Application\Home\Controller\IndexController.class.php 第 12 行.
NOTIC: [8] Undefined index: province C:\wamp\www\1\Application\Home\Controller\IndexController.class.php 第 13 行.
NOTIC: [8] Undefined index: city C:\wamp\www\1\Application\Home\Controller\IndexController.class.php 第 14 行.
NOTIC: [8] Undefined index: zone C:\wamp\www\1\Application\Home\Controller\IndexController.class.php 第 15 行.
NOTIC: [8] Undefined index: addr C:\wamp\www\1\Application\Home\Controller\IndexController.class.php 第 16 行.
INFO: [ app_end ] --START--
INFO: Run Behavior\ShowPageTraceBehavior [ RunTime:0.001492s ]
INFO: [ app_end ] --END-- [ RunTime:0.001896s ]

[ 2016-07-06T16:14:57+08:00 ] 127.0.0.1 /1/
INFO: [ app_init ] --START--
INFO: Run Behavior\BuildLiteBehavior [ RunTime:0.000055s ]
INFO: [ app_init ] --END-- [ RunTime:0.000929s ]
INFO: [ app_begin ] --START--
INFO: Run Behavior\ReadHtmlCacheBehavior [ RunTime:0.001183s ]
INFO: [ app_begin ] --END-- [ RunTime:0.001454s ]
INFO: [ view_parse ] --START--
INFO: [ template_filter ] --START--
INFO: Run Behavior\ContentReplaceBehavior [ RunTime:0.000139s ]
INFO: [ template_filter ] --END-- [ RunTime:0.000398s ]
INFO: Run Behavior\ParseTemplateBehavior [ RunTime:0.010180s ]
INFO: [ view_parse ] --END-- [ RunTime:0.010461s ]
INFO: [ view_filter ] --START--
INFO: Run Behavior\WriteHtmlCacheBehavior [ RunTime:0.000534s ]
INFO: [ view_filter ] --END-- [ RunTime:0.000763s ]
NOTIC: [8] Undefined index: account C:\wamp\www\1\Application\Home\Controller\IndexController.class.php 第 7 行.
NOTIC: [8] Undefined index: password C:\wamp\www\1\Application\Home\Controller\IndexController.class.php 第 8 行.
NOTIC: [8] Undefined index: pwd_again C:\wamp\www\1\Application\Home\Controller\IndexController.class.php 第 9 行.
NOTIC: [8] Undefined index: phone_num C:\wamp\www\1\Application\Home\Controller\IndexController.class.php 第 10 行.
NOTIC: [8] Undefined index: rest_name C:\wamp\www\1\Application\Home\Controller\IndexController.class.php 第 11 行.
NOTIC: [8] Undefined index: description C:\wamp\www\1\Application\Home\Controller\IndexController.class.php 第 12 行.
NOTIC: [8] Undefined index: province C:\wamp\www\1\Application\Home\Controller\IndexController.class.php 第 13 行.
NOTIC: [8] Undefined index: city C:\wamp\www\1\Application\Home\Controller\IndexController.class.php 第 14 行.
NOTIC: [8] Undefined index: zone C:\wamp\www\1\Application\Home\Controller\IndexController.class.php 第 15 行.
NOTIC: [8] Undefined index: addr C:\wamp\www\1\Application\Home\Controller\IndexController.class.php 第 16 行.
INFO: [ app_end ] --START--
INFO: Run Behavior\ShowPageTraceBehavior [ RunTime:0.000712s ]
INFO: [ app_end ] --END-- [ RunTime:0.000868s ]

[ 2016-07-06T16:15:07+08:00 ] ::1 /1/
INFO: [ app_init ] --START--
INFO: Run Behavior\BuildLiteBehavior [ RunTime:0.000031s ]
INFO: [ app_init ] --END-- [ RunTime:0.000498s ]
INFO: [ app_begin ] --START--
INFO: Run Behavior\ReadHtmlCacheBehavior [ RunTime:0.000621s ]
INFO: [ app_begin ] --END-- [ RunTime:0.000796s ]
INFO: [ view_parse ] --START--
INFO: [ template_filter ] --START--
INFO: Run Behavior\ContentReplaceBehavior [ RunTime:0.000206s ]
INFO: [ template_filter ] --END-- [ RunTime:0.000378s ]
INFO: Run Behavior\ParseTemplateBehavior [ RunTime:0.009370s ]
INFO: [ view_parse ] --END-- [ RunTime:0.009561s ]
INFO: [ view_filter ] --START--
INFO: Run Behavior\WriteHtmlCacheBehavior [ RunTime:0.000322s ]
INFO: [ view_filter ] --END-- [ RunTime:0.000457s ]
NOTIC: [8] Undefined index: account C:\wamp\www\1\Application\Home\Controller\IndexController.class.php 第 7 行.
NOTIC: [8] Undefined index: password C:\wamp\www\1\Application\Home\Controller\IndexController.class.php 第 8 行.
NOTIC: [8] Undefined index: pwd_again C:\wamp\www\1\Application\Home\Controller\IndexController.class.php 第 9 行.
NOTIC: [8] Undefined index: phone_num C:\wamp\www\1\Application\Home\Controller\IndexController.class.php 第 10 行.
NOTIC: [8] Undefined index: rest_name C:\wamp\www\1\Application\Home\Controller\IndexController.class.php 第 11 行.
NOTIC: [8] Undefined index: description C:\wamp\www\1\Application\Home\Controller\IndexController.class.php 第 12 行.
NOTIC: [8] Undefined index: province C:\wamp\www\1\Application\Home\Controller\IndexController.class.php 第 13 行.
NOTIC: [8] Undefined index: city C:\wamp\www\1\Application\Home\Controller\IndexController.class.php 第 14 行.
NOTIC: [8] Undefined index: zone C:\wamp\www\1\Application\Home\Controller\IndexController.class.php 第 15 行.
NOTIC: [8] Undefined index: addr C:\wamp\www\1\Application\Home\Controller\IndexController.class.php 第 16 行.
INFO: [ app_end ] --START--
INFO: Run Behavior\ShowPageTraceBehavior [ RunTime:0.000535s ]
INFO: [ app_end ] --END-- [ RunTime:0.000673s ]

[ 2016-07-06T16:17:25+08:00 ] ::1 /1/
INFO: [ app_init ] --START--
INFO: Run Behavior\BuildLiteBehavior [ RunTime:0.000083s ]
INFO: [ app_init ] --END-- [ RunTime:0.001401s ]
INFO: [ app_begin ] --START--
INFO: Run Behavior\ReadHtmlCacheBehavior [ RunTime:0.001834s ]
INFO: [ app_begin ] --END-- [ RunTime:0.002258s ]
INFO: [ view_parse ] --START--
INFO: [ template_filter ] --START--
INFO: Run Behavior\ContentReplaceBehavior [ RunTime:0.000233s ]
INFO: [ template_filter ] --END-- [ RunTime:0.000643s ]
INFO: Run Behavior\ParseTemplateBehavior [ RunTime:0.019405s ]
INFO: [ view_parse ] --END-- [ RunTime:0.019858s ]
INFO: [ view_filter ] --START--
INFO: Run Behavior\WriteHtmlCacheBehavior [ RunTime:0.001151s ]
INFO: [ view_filter ] --END-- [ RunTime:0.001530s ]
NOTIC: [8] Undefined index: account C:\wamp\www\1\Application\Home\Controller\IndexController.class.php 第 7 行.
NOTIC: [8] Undefined index: password C:\wamp\www\1\Application\Home\Controller\IndexController.class.php 第 8 行.
NOTIC: [8] Undefined index: pwd_again C:\wamp\www\1\Application\Home\Controller\IndexController.class.php 第 9 行.
NOTIC: [8] Undefined index: phone_num C:\wamp\www\1\Application\Home\Controller\IndexController.class.php 第 10 行.
NOTIC: [8] Undefined index: rest_name C:\wamp\www\1\Application\Home\Controller\IndexController.class.php 第 11 行.
NOTIC: [8] Undefined index: description C:\wamp\www\1\Application\Home\Controller\IndexController.class.php 第 12 行.
NOTIC: [8] Undefined index: province C:\wamp\www\1\Application\Home\Controller\IndexController.class.php 第 13 行.
NOTIC: [8] Undefined index: city C:\wamp\www\1\Application\Home\Controller\IndexController.class.php 第 14 行.
NOTIC: [8] Undefined index: zone C:\wamp\www\1\Application\Home\Controller\IndexController.class.php 第 15 行.
NOTIC: [8] Undefined index: addr C:\wamp\www\1\Application\Home\Controller\IndexController.class.php 第 16 行.
INFO: [ app_end ] --START--
INFO: Run Behavior\ShowPageTraceBehavior [ RunTime:0.001863s ]
INFO: [ app_end ] --END-- [ RunTime:0.002352s ]

[ 2016-07-06T16:17:28+08:00 ] ::1 /1/
INFO: [ app_init ] --START--
INFO: Run Behavior\BuildLiteBehavior [ RunTime:0.000035s ]
INFO: [ app_init ] --END-- [ RunTime:0.000601s ]
INFO: [ app_begin ] --START--
INFO: Run Behavior\ReadHtmlCacheBehavior [ RunTime:0.000657s ]
INFO: [ app_begin ] --END-- [ RunTime:0.000823s ]
INFO: [ view_parse ] --START--
INFO: [ template_filter ] --START--
INFO: Run Behavior\ContentReplaceBehavior [ RunTime:0.000121s ]
INFO: [ template_filter ] --END-- [ RunTime:0.000344s ]
INFO: Run Behavior\ParseTemplateBehavior [ RunTime:0.007479s ]
INFO: [ view_parse ] --END-- [ RunTime:0.007733s ]
INFO: [ view_filter ] --START--
INFO: Run Behavior\WriteHtmlCacheBehavior [ RunTime:0.000473s ]
INFO: [ view_filter ] --END-- [ RunTime:0.000673s ]
NOTIC: [8] Undefined index: account C:\wamp\www\1\Application\Home\Controller\IndexController.class.php 第 7 行.
NOTIC: [8] Undefined index: password C:\wamp\www\1\Application\Home\Controller\IndexController.class.php 第 8 行.
NOTIC: [8] Undefined index: pwd_again C:\wamp\www\1\Application\Home\Controller\IndexController.class.php 第 9 行.
NOTIC: [8] Undefined index: phone_num C:\wamp\www\1\Application\Home\Controller\IndexController.class.php 第 10 行.
NOTIC: [8] Undefined index: rest_name C:\wamp\www\1\Application\Home\Controller\IndexController.class.php 第 11 行.
NOTIC: [8] Undefined index: description C:\wamp\www\1\Application\Home\Controller\IndexController.class.php 第 12 行.
NOTIC: [8] Undefined index: province C:\wamp\www\1\Application\Home\Controller\IndexController.class.php 第 13 行.
NOTIC: [8] Undefined index: city C:\wamp\www\1\Application\Home\Controller\IndexController.class.php 第 14 行.
NOTIC: [8] Undefined index: zone C:\wamp\www\1\Application\Home\Controller\IndexController.class.php 第 15 行.
NOTIC: [8] Undefined index: addr C:\wamp\www\1\Application\Home\Controller\IndexController.class.php 第 16 行.
INFO: [ app_end ] --START--
INFO: Run Behavior\ShowPageTraceBehavior [ RunTime:0.000781s ]
INFO: [ app_end ] --END-- [ RunTime:0.000984s ]

[ 2016-07-06T16:18:17+08:00 ] ::1 /1/
INFO: [ app_init ] --START--
INFO: Run Behavior\BuildLiteBehavior [ RunTime:0.000116s ]
INFO: [ app_init ] --END-- [ RunTime:0.001453s ]
INFO: [ app_begin ] --START--
INFO: Run Behavior\ReadHtmlCacheBehavior [ RunTime:0.001652s ]
INFO: [ app_begin ] --END-- [ RunTime:0.002261s ]
INFO: [ view_parse ] --START--
INFO: [ template_filter ] --START--
INFO: Run Behavior\ContentReplaceBehavior [ RunTime:0.000137s ]
INFO: [ template_filter ] --END-- [ RunTime:0.000393s ]
INFO: Run Behavior\ParseTemplateBehavior [ RunTime:0.016801s ]
INFO: [ view_parse ] --END-- [ RunTime:0.017167s ]
INFO: [ view_filter ] --START--
INFO: Run Behavior\WriteHtmlCacheBehavior [ RunTime:0.000545s ]
INFO: [ view_filter ] --END-- [ RunTime:0.000775s ]
NOTIC: [8] Undefined index: account C:\wamp\www\1\Application\Home\Controller\IndexController.class.php 第 7 行.
NOTIC: [8] Undefined index: password C:\wamp\www\1\Application\Home\Controller\IndexController.class.php 第 8 行.
NOTIC: [8] Undefined index: pwd_again C:\wamp\www\1\Application\Home\Controller\IndexController.class.php 第 9 行.
NOTIC: [8] Undefined index: phone_num C:\wamp\www\1\Application\Home\Controller\IndexController.class.php 第 10 行.
NOTIC: [8] Undefined index: rest_name C:\wamp\www\1\Application\Home\Controller\IndexController.class.php 第 11 行.
NOTIC: [8] Undefined index: description C:\wamp\www\1\Application\Home\Controller\IndexController.class.php 第 12 行.
NOTIC: [8] Undefined index: province C:\wamp\www\1\Application\Home\Controller\IndexController.class.php 第 13 行.
NOTIC: [8] Undefined index: city C:\wamp\www\1\Application\Home\Controller\IndexController.class.php 第 14 行.
NOTIC: [8] Undefined index: zone C:\wamp\www\1\Application\Home\Controller\IndexController.class.php 第 15 行.
NOTIC: [8] Undefined index: addr C:\wamp\www\1\Application\Home\Controller\IndexController.class.php 第 16 行.
INFO: [ app_end ] --START--
INFO: Run Behavior\ShowPageTraceBehavior [ RunTime:0.001387s ]
INFO: [ app_end ] --END-- [ RunTime:0.001719s ]

[ 2016-07-06T16:18:28+08:00 ] ::1 /1/Index
INFO: [ app_init ] --START--
INFO: Run Behavior\BuildLiteBehavior [ RunTime:0.000048s ]
INFO: [ app_init ] --END-- [ RunTime:0.000555s ]
INFO: [ app_begin ] --START--
INFO: Run Behavior\ReadHtmlCacheBehavior [ RunTime:0.000579s ]
INFO: [ app_begin ] --END-- [ RunTime:0.000745s ]
INFO: [ view_parse ] --START--
INFO: [ template_filter ] --START--
INFO: Run Behavior\ContentReplaceBehavior [ RunTime:0.011584s ]
INFO: [ template_filter ] --END-- [ RunTime:0.011847s ]
INFO: Run Behavior\ParseTemplateBehavior [ RunTime:0.026205s ]
INFO: [ view_parse ] --END-- [ RunTime:0.026479s ]
INFO: [ view_filter ] --START--
INFO: Run Behavior\WriteHtmlCacheBehavior [ RunTime:0.000677s ]
INFO: [ view_filter ] --END-- [ RunTime:0.000918s ]
SQL: SHOW COLUMNS FROM `restaurant` [ RunTime:0.0096s ]
SQL: INSERT INTO `restaurant` (`rest_name`,`password`,`phoneNum`,`account`,`province`,`zone`,`addr`,`city`) VALUES ('1','1','1','1','1','1','1','1') [ RunTime:0.0098s ]
INFO: [ app_end ] --START--
INFO: Run Behavior\ShowPageTraceBehavior [ RunTime:0.002753s ]
INFO: [ app_end ] --END-- [ RunTime:0.003268s ]

[ 2016-07-06T16:18:49+08:00 ] ::1 /1/Index
INFO: [ app_init ] --START--
INFO: Run Behavior\BuildLiteBehavior [ RunTime:0.000055s ]
INFO: [ app_init ] --END-- [ RunTime:0.000777s ]
INFO: [ app_begin ] --START--
INFO: Run Behavior\ReadHtmlCacheBehavior [ RunTime:0.000800s ]
INFO: [ app_begin ] --END-- [ RunTime:0.001056s ]
INFO: [ view_parse ] --START--
INFO: [ template_filter ] --START--
INFO: Run Behavior\ContentReplaceBehavior [ RunTime:0.000114s ]
INFO: [ template_filter ] --END-- [ RunTime:0.000323s ]
INFO: Run Behavior\ParseTemplateBehavior [ RunTime:0.011758s ]
INFO: [ view_parse ] --END-- [ RunTime:0.012012s ]
INFO: [ view_filter ] --START--
INFO: Run Behavior\WriteHtmlCacheBehavior [ RunTime:0.000442s ]
INFO: [ view_filter ] --END-- [ RunTime:0.000629s ]
SQL: SHOW COLUMNS FROM `restaurant` [ RunTime:0.0079s ]
ERR: 1062:Duplicate entry '' for key 'PRIMARY'
 [ SQL语句 ] : INSERT INTO `restaurant` (`rest_name`,`password`,`phoneNum`,`account`,`province`,`zone`,`addr`,`city`) VALUES ('1','1','1','1','1','1','1','1')
ERR: 1062:Duplicate entry '' for key 'PRIMARY'
 [ SQL语句 ] : INSERT INTO `restaurant` (`rest_name`,`password`,`phoneNum`,`account`,`province`,`zone`,`addr`,`city`) VALUES ('1','1','1','1','1','1','1','1')

[ 2016-07-06T16:19:18+08:00 ] ::1 /1/Index
INFO: [ app_init ] --START--
INFO: Run Behavior\BuildLiteBehavior [ RunTime:0.000030s ]
INFO: [ app_init ] --END-- [ RunTime:0.000462s ]
INFO: [ app_begin ] --START--
INFO: Run Behavior\ReadHtmlCacheBehavior [ RunTime:0.000505s ]
INFO: [ app_begin ] --END-- [ RunTime:0.000655s ]
INFO: [ view_parse ] --START--
INFO: [ template_filter ] --START--
INFO: Run Behavior\ContentReplaceBehavior [ RunTime:0.000085s ]
INFO: [ template_filter ] --END-- [ RunTime:0.000237s ]
INFO: Run Behavior\ParseTemplateBehavior [ RunTime:0.007295s ]
INFO: [ view_parse ] --END-- [ RunTime:0.007460s ]
INFO: [ view_filter ] --START--
INFO: Run Behavior\WriteHtmlCacheBehavior [ RunTime:0.000319s ]
INFO: [ view_filter ] --END-- [ RunTime:0.000453s ]
INFO: [ app_end ] --START--
INFO: Run Behavior\ShowPageTraceBehavior [ RunTime:0.000535s ]
INFO: [ app_end ] --END-- [ RunTime:0.000730s ]

[ 2016-07-06T16:19:20+08:00 ] ::1 /1/Index
INFO: [ app_init ] --START--
INFO: Run Behavior\BuildLiteBehavior [ RunTime:0.000030s ]
INFO: [ app_init ] --END-- [ RunTime:0.000457s ]
INFO: [ app_begin ] --START--
INFO: Run Behavior\ReadHtmlCacheBehavior [ RunTime:0.000503s ]
INFO: [ app_begin ] --END-- [ RunTime:0.000653s ]
INFO: [ view_parse ] --START--
INFO: [ template_filter ] --START--
INFO: Run Behavior\ContentReplaceBehavior [ RunTime:0.000081s ]
INFO: [ template_filter ] --END-- [ RunTime:0.000233s ]
INFO: Run Behavior\ParseTemplateBehavior [ RunTime:0.008103s ]
INFO: [ view_parse ] --END-- [ RunTime:0.008269s ]
INFO: [ view_filter ] --START--
INFO: Run Behavior\WriteHtmlCacheBehavior [ RunTime:0.000313s ]
INFO: [ view_filter ] --END-- [ RunTime:0.000448s ]
INFO: [ app_end ] --START--
INFO: Run Behavior\ShowPageTraceBehavior [ RunTime:0.000534s ]
INFO: [ app_end ] --END-- [ RunTime:0.000677s ]

[ 2016-07-06T16:22:22+08:00 ] ::1 /1/
INFO: [ app_init ] --START--
INFO: Run Behavior\BuildLiteBehavior [ RunTime:0.000056s ]
INFO: [ app_init ] --END-- [ RunTime:0.000954s ]
INFO: [ app_begin ] --START--
INFO: Run Behavior\ReadHtmlCacheBehavior [ RunTime:0.000693s ]
INFO: [ app_begin ] --END-- [ RunTime:0.000856s ]
INFO: [ view_parse ] --START--
INFO: [ template_filter ] --START--
INFO: Run Behavior\ContentReplaceBehavior [ RunTime:0.000257s ]
INFO: [ template_filter ] --END-- [ RunTime:0.000617s ]
INFO: Run Behavior\ParseTemplateBehavior [ RunTime:0.008795s ]
INFO: [ view_parse ] --END-- [ RunTime:0.008995s ]
INFO: [ view_filter ] --START--
INFO: Run Behavior\WriteHtmlCacheBehavior [ RunTime:0.000796s ]
INFO: [ view_filter ] --END-- [ RunTime:0.001064s ]
INFO: [ app_end ] --START--
INFO: Run Behavior\ShowPageTraceBehavior [ RunTime:0.001194s ]
INFO: [ app_end ] --END-- [ RunTime:0.001544s ]

[ 2016-07-06T16:22:33+08:00 ] ::1 /1/index.php/Home/Index/check
INFO: [ app_init ] --START--
INFO: Run Behavior\BuildLiteBehavior [ RunTime:0.000032s ]
INFO: [ app_init ] --END-- [ RunTime:0.000475s ]
INFO: [ app_begin ] --START--
INFO: Run Behavior\ReadHtmlCacheBehavior [ RunTime:0.000662s ]
INFO: [ app_begin ] --END-- [ RunTime:0.000859s ]
SQL: SHOW COLUMNS FROM `restaurant` [ RunTime:0.0083s ]
ERR: 1062:Duplicate entry '' for key 'PRIMARY'
 [ SQL语句 ] : INSERT INTO `restaurant` (`rest_name`,`password`,`phoneNum`,`account`,`province`,`zone`,`addr`,`city`) VALUES ('1','1','1','1','1','1','1','1')
ERR: 1062:Duplicate entry '' for key 'PRIMARY'
 [ SQL语句 ] : INSERT INTO `restaurant` (`rest_name`,`password`,`phoneNum`,`account`,`province`,`zone`,`addr`,`city`) VALUES ('1','1','1','1','1','1','1','1')

[ 2016-07-06T16:24:57+08:00 ] ::1 /1/
INFO: [ app_init ] --START--
INFO: Run Behavior\BuildLiteBehavior [ RunTime:0.000057s ]
INFO: [ app_init ] --END-- [ RunTime:0.001053s ]
INFO: [ app_begin ] --START--
INFO: Run Behavior\ReadHtmlCacheBehavior [ RunTime:0.001196s ]
INFO: [ app_begin ] --END-- [ RunTime:0.001503s ]
INFO: [ view_parse ] --START--
INFO: [ template_filter ] --START--
INFO: Run Behavior\ContentReplaceBehavior [ RunTime:0.000072s ]
INFO: [ template_filter ] --END-- [ RunTime:0.000198s ]
INFO: Run Behavior\ParseTemplateBehavior [ RunTime:0.005784s ]
INFO: [ view_parse ] --END-- [ RunTime:0.006005s ]
INFO: [ view_filter ] --START--
INFO: Run Behavior\WriteHtmlCacheBehavior [ RunTime:0.000433s ]
INFO: [ view_filter ] --END-- [ RunTime:0.000555s ]
INFO: [ app_end ] --START--
INFO: Run Behavior\ShowPageTraceBehavior [ RunTime:0.001942s ]
INFO: [ app_end ] --END-- [ RunTime:0.002156s ]

[ 2016-07-06T16:25:07+08:00 ] ::1 /1/index.php/Home/Index/check
INFO: [ app_init ] --START--
INFO: Run Behavior\BuildLiteBehavior [ RunTime:0.000030s ]
INFO: [ app_init ] --END-- [ RunTime:0.000461s ]
INFO: [ app_begin ] --START--
INFO: Run Behavior\ReadHtmlCacheBehavior [ RunTime:0.000888s ]
INFO: [ app_begin ] --END-- [ RunTime:0.001162s ]
SQL: SHOW COLUMNS FROM `restaurant` [ RunTime:0.0083s ]
SQL: INSERT INTO `restaurant` (`rest_no`,`rest_name`,`password`,`phoneNum`,`account`,`province`,`zone`,`addr`,`city`) VALUES ('2','1','1','1','1','1','1','1','1') [ RunTime:0.0981s ]
INFO: [ app_end ] --START--
INFO: Run Behavior\ShowPageTraceBehavior [ RunTime:0.002213s ]
INFO: [ app_end ] --END-- [ RunTime:0.002741s ]

[ 2016-07-06T16:31:30+08:00 ] ::1 /1/
INFO: [ app_init ] --START--
INFO: Run Behavior\BuildLiteBehavior [ RunTime:0.000081s ]
INFO: [ app_init ] --END-- [ RunTime:0.001333s ]
INFO: [ app_begin ] --START--
INFO: Run Behavior\ReadHtmlCacheBehavior [ RunTime:0.001030s ]
INFO: [ app_begin ] --END-- [ RunTime:0.001259s ]
INFO: [ view_parse ] --START--
INFO: [ template_filter ] --START--
INFO: Run Behavior\ContentReplaceBehavior [ RunTime:0.000130s ]
INFO: [ template_filter ] --END-- [ RunTime:0.000357s ]
INFO: Run Behavior\ParseTemplateBehavior [ RunTime:0.013350s ]
INFO: [ view_parse ] --END-- [ RunTime:0.013648s ]
INFO: [ view_filter ] --START--
INFO: Run Behavior\WriteHtmlCacheBehavior [ RunTime:0.000695s ]
INFO: [ view_filter ] --END-- [ RunTime:0.000899s ]
INFO: [ app_end ] --START--
INFO: Run Behavior\ShowPageTraceBehavior [ RunTime:0.001048s ]
INFO: [ app_end ] --END-- [ RunTime:0.001272s ]

[ 2016-07-06T16:33:15+08:00 ] ::1 /1/
INFO: [ app_init ] --START--
INFO: Run Behavior\BuildLiteBehavior [ RunTime:0.000041s ]
INFO: [ app_init ] --END-- [ RunTime:0.000964s ]
INFO: [ app_begin ] --START--
INFO: Run Behavior\ReadHtmlCacheBehavior [ RunTime:0.000967s ]
INFO: [ app_begin ] --END-- [ RunTime:0.001301s ]
INFO: [ view_parse ] --START--
INFO: [ template_filter ] --START--
INFO: Run Behavior\ContentReplaceBehavior [ RunTime:0.000248s ]
INFO: [ template_filter ] --END-- [ RunTime:0.001545s ]
INFO: Run Behavior\ParseTemplateBehavior [ RunTime:0.013152s ]
INFO: [ view_parse ] --END-- [ RunTime:0.013502s ]
INFO: [ view_filter ] --START--
INFO: Run Behavior\WriteHtmlCacheBehavior [ RunTime:0.000827s ]
INFO: [ view_filter ] --END-- [ RunTime:0.001207s ]
INFO: [ app_end ] --START--
INFO: Run Behavior\ShowPageTraceBehavior [ RunTime:0.001083s ]
INFO: [ app_end ] --END-- [ RunTime:0.001425s ]

[ 2016-07-06T16:33:21+08:00 ] ::1 /1/
INFO: [ app_init ] --START--
INFO: Run Behavior\BuildLiteBehavior [ RunTime:0.000031s ]
INFO: [ app_init ] --END-- [ RunTime:0.000464s ]
INFO: [ app_begin ] --START--
INFO: Run Behavior\ReadHtmlCacheBehavior [ RunTime:0.000526s ]
INFO: [ app_begin ] --END-- [ RunTime:0.000674s ]
INFO: [ view_parse ] --START--
INFO: [ template_filter ] --START--
INFO: Run Behavior\ContentReplaceBehavior [ RunTime:0.000109s ]
INFO: [ template_filter ] --END-- [ RunTime:0.000300s ]
INFO: Run Behavior\ParseTemplateBehavior [ RunTime:0.009334s ]
INFO: [ view_parse ] --END-- [ RunTime:0.009507s ]
INFO: [ view_filter ] --START--
INFO: Run Behavior\WriteHtmlCacheBehavior [ RunTime:0.000436s ]
INFO: [ view_filter ] --END-- [ RunTime:0.000583s ]
INFO: [ app_end ] --START--
INFO: Run Behavior\ShowPageTraceBehavior [ RunTime:0.000803s ]
INFO: [ app_end ] --END-- [ RunTime:0.000972s ]

[ 2016-07-06T16:33:27+08:00 ] ::1 /1/
INFO: [ app_init ] --START--
INFO: Run Behavior\BuildLiteBehavior [ RunTime:0.000051s ]
INFO: [ app_init ] --END-- [ RunTime:0.000877s ]
INFO: [ app_begin ] --START--
INFO: Run Behavior\ReadHtmlCacheBehavior [ RunTime:0.000915s ]
INFO: [ app_begin ] --END-- [ RunTime:0.001187s ]
INFO: [ view_parse ] --START--
INFO: [ template_filter ] --START--
INFO: Run Behavior\ContentReplaceBehavior [ RunTime:0.000138s ]
INFO: [ template_filter ] --END-- [ RunTime:0.000385s ]
INFO: Run Behavior\ParseTemplateBehavior [ RunTime:0.010402s ]
INFO: [ view_parse ] --END-- [ RunTime:0.010707s ]
INFO: [ view_filter ] --START--
INFO: Run Behavior\WriteHtmlCacheBehavior [ RunTime:0.000581s ]
INFO: [ view_filter ] --END-- [ RunTime:0.000820s ]
INFO: [ app_end ] --START--
INFO: Run Behavior\ShowPageTraceBehavior [ RunTime:0.000893s ]
INFO: [ app_end ] --END-- [ RunTime:0.001183s ]

[ 2016-07-06T16:33:41+08:00 ] ::1 /1/
INFO: [ app_init ] --START--
INFO: Run Behavior\BuildLiteBehavior [ RunTime:0.000030s ]
INFO: [ app_init ] --END-- [ RunTime:0.000514s ]
INFO: [ app_begin ] --START--
INFO: Run Behavior\ReadHtmlCacheBehavior [ RunTime:0.000670s ]
INFO: [ app_begin ] --END-- [ RunTime:0.000823s ]
INFO: [ view_parse ] --START--
INFO: [ template_filter ] --START--
INFO: Run Behavior\ContentReplaceBehavior [ RunTime:0.000087s ]
INFO: [ template_filter ] --END-- [ RunTime:0.000241s ]
INFO: Run Behavior\ParseTemplateBehavior [ RunTime:0.010412s ]
INFO: [ view_parse ] --END-- [ RunTime:0.010579s ]
INFO: [ view_filter ] --START--
INFO: Run Behavior\WriteHtmlCacheBehavior [ RunTime:0.000461s ]
INFO: [ view_filter ] --END-- [ RunTime:0.000603s ]
INFO: [ app_end ] --START--
INFO: Run Behavior\ShowPageTraceBehavior [ RunTime:0.001076s ]
INFO: [ app_end ] --END-- [ RunTime:0.001219s ]

[ 2016-07-06T16:35:45+08:00 ] ::1 /1/
INFO: [ app_init ] --START--
INFO: Run Behavior\BuildLiteBehavior [ RunTime:0.000030s ]
INFO: [ app_init ] --END-- [ RunTime:0.000560s ]
INFO: [ app_begin ] --START--
INFO: Run Behavior\ReadHtmlCacheBehavior [ RunTime:0.001174s ]
INFO: [ app_begin ] --END-- [ RunTime:0.001450s ]
INFO: [ view_parse ] --START--
INFO: [ template_filter ] --START--
INFO: Run Behavior\ContentReplaceBehavior [ RunTime:0.000091s ]
INFO: [ template_filter ] --END-- [ RunTime:0.000242s ]
INFO: Run Behavior\ParseTemplateBehavior [ RunTime:0.008189s ]
INFO: [ view_parse ] --END-- [ RunTime:0.008424s ]
INFO: [ view_filter ] --START--
INFO: Run Behavior\WriteHtmlCacheBehavior [ RunTime:0.000435s ]
INFO: [ view_filter ] --END-- [ RunTime:0.000570s ]
INFO: [ app_end ] --START--
INFO: Run Behavior\ShowPageTraceBehavior [ RunTime:0.001078s ]
INFO: [ app_end ] --END-- [ RunTime:0.001524s ]

[ 2016-07-06T16:35:57+08:00 ] ::1 /1/
INFO: [ app_init ] --START--
INFO: Run Behavior\BuildLiteBehavior [ RunTime:0.000031s ]
INFO: [ app_init ] --END-- [ RunTime:0.000467s ]
INFO: [ app_begin ] --START--
INFO: Run Behavior\ReadHtmlCacheBehavior [ RunTime:0.000535s ]
INFO: [ app_begin ] --END-- [ RunTime:0.000683s ]
INFO: [ view_parse ] --START--
INFO: [ template_filter ] --START--
INFO: Run Behavior\ContentReplaceBehavior [ RunTime:0.000090s ]
INFO: [ template_filter ] --END-- [ RunTime:0.000261s ]
INFO: Run Behavior\ParseTemplateBehavior [ RunTime:0.010395s ]
INFO: [ view_parse ] --END-- [ RunTime:0.010950s ]
INFO: [ view_filter ] --START--
INFO: Run Behavior\WriteHtmlCacheBehavior [ RunTime:0.000328s ]
INFO: [ view_filter ] --END-- [ RunTime:0.000466s ]
INFO: [ app_end ] --START--
INFO: Run Behavior\ShowPageTraceBehavior [ RunTime:0.000622s ]
INFO: [ app_end ] --END-- [ RunTime:0.000801s ]

[ 2016-07-06T16:41:41+08:00 ] ::1 /1/index.php/Home/Index/check
INFO: [ app_init ] --START--
INFO: Run Behavior\BuildLiteBehavior [ RunTime:0.000030s ]
INFO: [ app_init ] --END-- [ RunTime:0.000515s ]
INFO: [ app_begin ] --START--
INFO: Run Behavior\ReadHtmlCacheBehavior [ RunTime:0.000673s ]
INFO: [ app_begin ] --END-- [ RunTime:0.000832s ]
SQL: SHOW COLUMNS FROM `restaurant` [ RunTime:0.0085s ]
ERR: 1062:Duplicate entry '' for key 'PRIMARY'
 [ SQL语句 ] : INSERT INTO `restaurant` (`rest_name`,`password`,`phoneNum`,`account`,`province`,`zone`,`addr`,`city`) VALUES ('1','1','1','1','1','1','1','1')
ERR: 1062:Duplicate entry '' for key 'PRIMARY'
 [ SQL语句 ] : INSERT INTO `restaurant` (`rest_name`,`password`,`phoneNum`,`account`,`province`,`zone`,`addr`,`city`) VALUES ('1','1','1','1','1','1','1','1')

[ 2016-07-06T16:43:16+08:00 ] ::1 /1/
INFO: [ app_init ] --START--
INFO: Run Behavior\BuildLiteBehavior [ RunTime:0.000031s ]
INFO: [ app_init ] --END-- [ RunTime:0.000481s ]
INFO: [ app_begin ] --START--
INFO: Run Behavior\ReadHtmlCacheBehavior [ RunTime:0.000551s ]
INFO: [ app_begin ] --END-- [ RunTime:0.000700s ]
INFO: [ view_parse ] --START--
INFO: [ template_filter ] --START--
INFO: Run Behavior\ContentReplaceBehavior [ RunTime:0.000097s ]
INFO: [ template_filter ] --END-- [ RunTime:0.000254s ]
INFO: Run Behavior\ParseTemplateBehavior [ RunTime:0.010574s ]
INFO: [ view_parse ] --END-- [ RunTime:0.010821s ]
INFO: [ view_filter ] --START--
INFO: Run Behavior\WriteHtmlCacheBehavior [ RunTime:0.000444s ]
INFO: [ view_filter ] --END-- [ RunTime:0.000580s ]
INFO: [ app_end ] --START--
INFO: Run Behavior\ShowPageTraceBehavior [ RunTime:0.000667s ]
INFO: [ app_end ] --END-- [ RunTime:0.000811s ]

[ 2016-07-06T16:43:26+08:00 ] ::1 /1/index.php/Home/Index/check
INFO: [ app_init ] --START--
INFO: Run Behavior\BuildLiteBehavior [ RunTime:0.000029s ]
INFO: [ app_init ] --END-- [ RunTime:0.000457s ]
INFO: [ app_begin ] --START--
INFO: Run Behavior\ReadHtmlCacheBehavior [ RunTime:0.000511s ]
INFO: [ app_begin ] --END-- [ RunTime:0.000662s ]
SQL: SHOW COLUMNS FROM `restaurant` [ RunTime:0.0080s ]
ERR: 1062:Duplicate entry '' for key 'PRIMARY'
 [ SQL语句 ] : INSERT INTO `restaurant` (`rest_name`,`password`,`phoneNum`,`account`,`province`,`zone`,`addr`,`city`) VALUES ('1','1','1','1','1','1','1','1')
ERR: 1062:Duplicate entry '' for key 'PRIMARY'
 [ SQL语句 ] : INSERT INTO `restaurant` (`rest_name`,`password`,`phoneNum`,`account`,`province`,`zone`,`addr`,`city`) VALUES ('1','1','1','1','1','1','1','1')

