[ 2016-07-11T11:03:03+08:00 ] ::1 /hhw/index.php/Home/Index/admin_table.html
INFO: [ app_init ] --START--
INFO: Run Behavior\BuildLiteBehavior [ RunTime:0.000032s ]
INFO: [ app_init ] --END-- [ RunTime:0.000615s ]
INFO: [ app_begin ] --START--
INFO: Run Behavior\ReadHtmlCacheBehavior [ RunTime:0.000731s ]
INFO: [ app_begin ] --END-- [ RunTime:0.000898s ]
SQL: SHOW COLUMNS FROM `restaurant` [ RunTime:0.0085s ]
SQL: SELECT `rest_no` FROM `restaurant` WHERE `account` = 'vivianhhw'  [ RunTime:0.0080s ]
SQL: SHOW COLUMNS FROM `restdish` [ RunTime:0.0085s ]
SQL: SELECT * FROM `restdish` WHERE `rest_no` = '31'  [ RunTime:0.0079s ]
SQL: SELECT `dish_name` FROM `restdish` WHERE `rest_no` = '31'  [ RunTime:0.0071s ]
SQL: SELECT * FROM `restdish` WHERE `rest_no` = '31' LIMIT 0,10   [ RunTime:0.0079s ]
INFO: [ view_parse ] --START--
INFO: [ template_filter ] --START--
INFO: Run Behavior\ContentReplaceBehavior [ RunTime:0.000342s ]
INFO: [ template_filter ] --END-- [ RunTime:0.000762s ]
INFO: Run Behavior\ParseTemplateBehavior [ RunTime:0.035141s ]
INFO: [ view_parse ] --END-- [ RunTime:0.035496s ]
INFO: [ view_filter ] --START--
INFO: Run Behavior\WriteHtmlCacheBehavior [ RunTime:0.000930s ]
INFO: [ view_filter ] --END-- [ RunTime:0.001226s ]
INFO: [ app_end ] --START--
INFO: Run Behavior\ShowPageTraceBehavior [ RunTime:0.002115s ]
INFO: [ app_end ] --END-- [ RunTime:0.002437s ]

[ 2016-07-11T11:03:06+08:00 ] ::1 /hhw/index.php/Home/Index/admin_dish.html
INFO: [ app_init ] --START--
INFO: Run Behavior\BuildLiteBehavior [ RunTime:0.000030s ]
INFO: [ app_init ] --END-- [ RunTime:0.000463s ]
INFO: [ app_begin ] --START--
INFO: Run Behavior\ReadHtmlCacheBehavior [ RunTime:0.000728s ]
INFO: [ app_begin ] --END-- [ RunTime:0.000879s ]
SQL: SELECT `rest_no` FROM `restaurant` WHERE `account` = 'vivianhhw'  [ RunTime:0.0063s ]
INFO: [ view_parse ] --START--
INFO: [ template_filter ] --START--
INFO: Run Behavior\ContentReplaceBehavior [ RunTime:0.000139s ]
INFO: [ template_filter ] --END-- [ RunTime:0.000295s ]
INFO: Run Behavior\ParseTemplateBehavior [ RunTime:0.010170s ]
INFO: [ view_parse ] --END-- [ RunTime:0.010405s ]
INFO: [ view_filter ] --START--
INFO: Run Behavior\WriteHtmlCacheBehavior [ RunTime:0.000543s ]
INFO: [ view_filter ] --END-- [ RunTime:0.000718s ]
INFO: [ app_end ] --START--
INFO: Run Behavior\ShowPageTraceBehavior [ RunTime:0.001274s ]
INFO: [ app_end ] --END-- [ RunTime:0.001500s ]

[ 2016-07-11T11:03:16+08:00 ] ::1 /hhw/index.php/Home/Index/upload
INFO: [ app_init ] --START--
INFO: Run Behavior\BuildLiteBehavior [ RunTime:0.000035s ]
INFO: [ app_init ] --END-- [ RunTime:0.000959s ]
INFO: [ app_begin ] --START--
INFO: Run Behavior\ReadHtmlCacheBehavior [ RunTime:0.000728s ]
INFO: [ app_begin ] --END-- [ RunTime:0.000889s ]
SQL: SELECT `rest_no` FROM `restaurant` WHERE `account` = 'vivianhhw'  [ RunTime:0.0057s ]
SQL: INSERT INTO `restdish` (`rest_no`,`description`,`dish_name`,`price`,`type`,`signature`,`finish_pic`) VALUES ('31','2热风','发给','2','汤羹煲炖类','true','') [ RunTime:0.2770s ]
INFO: [ view_parse ] --START--
INFO: [ template_filter ] --START--
INFO: Run Behavior\ContentReplaceBehavior [ RunTime:0.000248s ]
INFO: [ template_filter ] --END-- [ RunTime:0.000693s ]
INFO: Run Behavior\ParseTemplateBehavior [ RunTime:0.023343s ]
INFO: [ view_parse ] --END-- [ RunTime:0.023806s ]
INFO: [ view_filter ] --START--
INFO: Run Behavior\WriteHtmlCacheBehavior [ RunTime:0.001458s ]
INFO: [ view_filter ] --END-- [ RunTime:0.001843s ]
NOTIC: [8] A session had already been started - ignoring session_start() C:\wamp\www\hhw\Application\Home\Controller\IndexController.class.php 第 290 行.
INFO: [ app_end ] --START--
INFO: Run Behavior\ShowPageTraceBehavior [ RunTime:0.002045s ]
INFO: [ app_end ] --END-- [ RunTime:0.002438s ]

[ 2016-07-11T11:03:17+08:00 ] ::1 /hhw/index.php/Home/Index/admin_table
INFO: [ app_init ] --START--
INFO: Run Behavior\BuildLiteBehavior [ RunTime:0.000085s ]
INFO: [ app_init ] --END-- [ RunTime:0.001382s ]
INFO: [ app_begin ] --START--
INFO: Run Behavior\ReadHtmlCacheBehavior [ RunTime:0.002199s ]
INFO: [ app_begin ] --END-- [ RunTime:0.002676s ]
SQL: SELECT `rest_no` FROM `restaurant` WHERE `account` = 'vivianhhw'  [ RunTime:0.0057s ]
SQL: SELECT * FROM `restdish` WHERE `rest_no` = '31'  [ RunTime:0.0068s ]
SQL: SELECT `dish_name` FROM `restdish` WHERE `rest_no` = '31'  [ RunTime:0.0069s ]
SQL: SELECT * FROM `restdish` WHERE `rest_no` = '31' LIMIT 0,10   [ RunTime:0.0081s ]
INFO: [ view_parse ] --START--
INFO: [ template_filter ] --START--
INFO: Run Behavior\ContentReplaceBehavior [ RunTime:0.000367s ]
INFO: [ template_filter ] --END-- [ RunTime:0.000790s ]
INFO: Run Behavior\ParseTemplateBehavior [ RunTime:0.043433s ]
INFO: [ view_parse ] --END-- [ RunTime:0.044066s ]
INFO: [ view_filter ] --START--
INFO: Run Behavior\WriteHtmlCacheBehavior [ RunTime:0.002254s ]
INFO: [ view_filter ] --END-- [ RunTime:0.002896s ]
INFO: [ app_end ] --START--
INFO: Run Behavior\ShowPageTraceBehavior [ RunTime:0.007815s ]
INFO: [ app_end ] --END-- [ RunTime:0.008558s ]

[ 2016-07-11T11:04:53+08:00 ] ::1 /hhw/index.php/Home/Index/admin_table.html
INFO: [ app_init ] --START--
INFO: Run Behavior\BuildLiteBehavior [ RunTime:0.000031s ]
INFO: [ app_init ] --END-- [ RunTime:0.000556s ]
INFO: [ app_begin ] --START--
INFO: Run Behavior\ReadHtmlCacheBehavior [ RunTime:0.000691s ]
INFO: [ app_begin ] --END-- [ RunTime:0.000844s ]
SQL: SELECT `rest_no` FROM `restaurant` WHERE `account` = 'vivianhhw'  [ RunTime:0.0059s ]
SQL: SELECT * FROM `restdish` WHERE `rest_no` = '31'  [ RunTime:0.0068s ]
SQL: SELECT `dish_name` FROM `restdish` WHERE `rest_no` = '31'  [ RunTime:0.0071s ]
SQL: SELECT * FROM `restdish` WHERE `rest_no` = '31' LIMIT 0,10   [ RunTime:0.0079s ]
INFO: [ view_parse ] --START--
INFO: [ template_filter ] --START--
INFO: Run Behavior\ContentReplaceBehavior [ RunTime:0.000135s ]
INFO: [ template_filter ] --END-- [ RunTime:0.000291s ]
INFO: Run Behavior\ParseTemplateBehavior [ RunTime:0.013130s ]
INFO: [ view_parse ] --END-- [ RunTime:0.013380s ]
INFO: [ view_filter ] --START--
INFO: Run Behavior\WriteHtmlCacheBehavior [ RunTime:0.000446s ]
INFO: [ view_filter ] --END-- [ RunTime:0.000612s ]
INFO: [ app_end ] --START--
INFO: Run Behavior\ShowPageTraceBehavior [ RunTime:0.001689s ]
INFO: [ app_end ] --END-- [ RunTime:0.002896s ]

[ 2016-07-11T11:04:55+08:00 ] ::1 /hhw/index.php/Home/Index/admin_dish.html
INFO: [ app_init ] --START--
INFO: Run Behavior\BuildLiteBehavior [ RunTime:0.000033s ]
INFO: [ app_init ] --END-- [ RunTime:0.000521s ]
INFO: [ app_begin ] --START--
INFO: Run Behavior\ReadHtmlCacheBehavior [ RunTime:0.001301s ]
INFO: [ app_begin ] --END-- [ RunTime:0.001750s ]
SQL: SELECT `rest_no` FROM `restaurant` WHERE `account` = 'vivianhhw'  [ RunTime:0.0081s ]
INFO: [ view_parse ] --START--
INFO: [ template_filter ] --START--
INFO: Run Behavior\ContentReplaceBehavior [ RunTime:0.000200s ]
INFO: [ template_filter ] --END-- [ RunTime:0.000437s ]
INFO: Run Behavior\ParseTemplateBehavior [ RunTime:0.017081s ]
INFO: [ view_parse ] --END-- [ RunTime:0.017418s ]
INFO: [ view_filter ] --START--
INFO: Run Behavior\WriteHtmlCacheBehavior [ RunTime:0.000851s ]
INFO: [ view_filter ] --END-- [ RunTime:0.001187s ]
INFO: [ app_end ] --START--
INFO: Run Behavior\ShowPageTraceBehavior [ RunTime:0.003156s ]
INFO: [ app_end ] --END-- [ RunTime:0.003690s ]

[ 2016-07-11T11:05:07+08:00 ] ::1 /hhw/index.php/Home/Index/upload
INFO: [ app_init ] --START--
INFO: Run Behavior\BuildLiteBehavior [ RunTime:0.000030s ]
INFO: [ app_init ] --END-- [ RunTime:0.000484s ]
INFO: [ app_begin ] --START--
INFO: Run Behavior\ReadHtmlCacheBehavior [ RunTime:0.000539s ]
INFO: [ app_begin ] --END-- [ RunTime:0.000705s ]
SQL: SELECT `rest_no` FROM `restaurant` WHERE `account` = 'vivianhhw'  [ RunTime:0.0077s ]
SQL: INSERT INTO `restdish` (`rest_no`,`description`,`dish_name`,`price`,`type`,`signature`,`finish_pic`) VALUES ('31','虚','搜索','2','热菜','true','') [ RunTime:0.0097s ]
INFO: [ view_parse ] --START--
INFO: [ template_filter ] --START--
INFO: Run Behavior\ContentReplaceBehavior [ RunTime:0.000079s ]
INFO: [ template_filter ] --END-- [ RunTime:0.000235s ]
INFO: Run Behavior\ParseTemplateBehavior [ RunTime:0.008640s ]
INFO: [ view_parse ] --END-- [ RunTime:0.008945s ]
INFO: [ view_filter ] --START--
INFO: Run Behavior\WriteHtmlCacheBehavior [ RunTime:0.000716s ]
INFO: [ view_filter ] --END-- [ RunTime:0.001031s ]
NOTIC: [8] A session had already been started - ignoring session_start() C:\wamp\www\hhw\Application\Home\Controller\IndexController.class.php 第 291 行.
INFO: [ app_end ] --START--
INFO: Run Behavior\ShowPageTraceBehavior [ RunTime:0.000743s ]
INFO: [ app_end ] --END-- [ RunTime:0.000954s ]

[ 2016-07-11T11:05:08+08:00 ] ::1 /hhw/index.php/Home/Index/admin_table
INFO: [ app_init ] --START--
INFO: Run Behavior\BuildLiteBehavior [ RunTime:0.000052s ]
INFO: [ app_init ] --END-- [ RunTime:0.000791s ]
INFO: [ app_begin ] --START--
INFO: Run Behavior\ReadHtmlCacheBehavior [ RunTime:0.000962s ]
INFO: [ app_begin ] --END-- [ RunTime:0.001224s ]
SQL: SELECT `rest_no` FROM `restaurant` WHERE `account` = 'vivianhhw'  [ RunTime:0.0063s ]
SQL: SELECT * FROM `restdish` WHERE `rest_no` = '31'  [ RunTime:0.0082s ]
SQL: SELECT `dish_name` FROM `restdish` WHERE `rest_no` = '31'  [ RunTime:0.0066s ]
SQL: SELECT * FROM `restdish` WHERE `rest_no` = '31' LIMIT 0,10   [ RunTime:0.0078s ]
INFO: [ view_parse ] --START--
INFO: [ template_filter ] --START--
INFO: Run Behavior\ContentReplaceBehavior [ RunTime:0.000221s ]
INFO: [ template_filter ] --END-- [ RunTime:0.000478s ]
INFO: Run Behavior\ParseTemplateBehavior [ RunTime:0.020460s ]
INFO: [ view_parse ] --END-- [ RunTime:0.020741s ]
INFO: [ view_filter ] --START--
INFO: Run Behavior\WriteHtmlCacheBehavior [ RunTime:0.000561s ]
INFO: [ view_filter ] --END-- [ RunTime:0.000806s ]
INFO: [ app_end ] --START--
INFO: Run Behavior\ShowPageTraceBehavior [ RunTime:0.001166s ]
INFO: [ app_end ] --END-- [ RunTime:0.001486s ]

[ 2016-07-11T11:06:09+08:00 ] ::1 /hhw/index.php/Home/Index/upload
INFO: [ app_init ] --START--
INFO: Run Behavior\BuildLiteBehavior [ RunTime:0.000030s ]
INFO: [ app_init ] --END-- [ RunTime:0.000474s ]
INFO: [ app_begin ] --START--
INFO: Run Behavior\ReadHtmlCacheBehavior [ RunTime:0.000510s ]
INFO: [ app_begin ] --END-- [ RunTime:0.000660s ]
SQL: SELECT `rest_no` FROM `restaurant` WHERE `account` = 'vivianhhw'  [ RunTime:0.0074s ]
NOTIC: [8] Undefined offset: 0 C:\wamp\www\hhw\Application\Home\Controller\IndexController.class.php 第 254 行.
SQL: INSERT INTO `restdish` (`rest_no`,`description`,`dish_name`,`price`,`type`,`signature`,`finish_pic`) VALUES ('31','虚','搜索','2','热菜','true','') [ RunTime:0.2429s ]
INFO: [ view_parse ] --START--
INFO: [ template_filter ] --START--
INFO: Run Behavior\ContentReplaceBehavior [ RunTime:0.000225s ]
INFO: [ template_filter ] --END-- [ RunTime:0.000635s ]
INFO: Run Behavior\ParseTemplateBehavior [ RunTime:0.019945s ]
INFO: [ view_parse ] --END-- [ RunTime:0.020546s ]
INFO: [ view_filter ] --START--
INFO: Run Behavior\WriteHtmlCacheBehavior [ RunTime:0.001143s ]
INFO: [ view_filter ] --END-- [ RunTime:0.001692s ]
NOTIC: [8] A session had already been started - ignoring session_start() C:\wamp\www\hhw\Application\Home\Controller\IndexController.class.php 第 291 行.
INFO: [ app_end ] --START--
INFO: Run Behavior\ShowPageTraceBehavior [ RunTime:0.001648s ]
INFO: [ app_end ] --END-- [ RunTime:0.002050s ]

[ 2016-07-11T11:06:11+08:00 ] ::1 /hhw/index.php/Home/Index/admin_table
INFO: [ app_init ] --START--
INFO: Run Behavior\BuildLiteBehavior [ RunTime:0.000098s ]
INFO: [ app_init ] --END-- [ RunTime:0.001409s ]
INFO: [ app_begin ] --START--
INFO: Run Behavior\ReadHtmlCacheBehavior [ RunTime:0.003010s ]
INFO: [ app_begin ] --END-- [ RunTime:0.006294s ]
SQL: SELECT `rest_no` FROM `restaurant` WHERE `account` = 'vivianhhw'  [ RunTime:0.0083s ]
SQL: SELECT * FROM `restdish` WHERE `rest_no` = '31'  [ RunTime:0.0072s ]
SQL: SELECT `dish_name` FROM `restdish` WHERE `rest_no` = '31'  [ RunTime:0.0069s ]
SQL: SELECT * FROM `restdish` WHERE `rest_no` = '31' LIMIT 0,10   [ RunTime:0.0087s ]
INFO: [ view_parse ] --START--
INFO: [ template_filter ] --START--
INFO: Run Behavior\ContentReplaceBehavior [ RunTime:0.000441s ]
INFO: [ template_filter ] --END-- [ RunTime:0.000986s ]
INFO: Run Behavior\ParseTemplateBehavior [ RunTime:0.037719s ]
INFO: [ view_parse ] --END-- [ RunTime:0.038507s ]
INFO: [ view_filter ] --START--
INFO: Run Behavior\WriteHtmlCacheBehavior [ RunTime:0.001071s ]
INFO: [ view_filter ] --END-- [ RunTime:0.001749s ]
INFO: [ app_end ] --START--
INFO: Run Behavior\ShowPageTraceBehavior [ RunTime:0.001781s ]
INFO: [ app_end ] --END-- [ RunTime:0.002257s ]

[ 2016-07-11T11:06:44+08:00 ] ::1 /hhw/index.php/Home/Index/upload
INFO: [ app_init ] --START--
INFO: Run Behavior\BuildLiteBehavior [ RunTime:0.000032s ]
INFO: [ app_init ] --END-- [ RunTime:0.000507s ]
INFO: [ app_begin ] --START--
INFO: Run Behavior\ReadHtmlCacheBehavior [ RunTime:0.000520s ]
INFO: [ app_begin ] --END-- [ RunTime:0.000674s ]
SQL: SELECT `rest_no` FROM `restaurant` WHERE `account` = 'vivianhhw'  [ RunTime:0.0080s ]
SQL: INSERT INTO `restdish` (`rest_no`,`description`,`dish_name`,`price`,`type`,`signature`,`finish_pic`) VALUES ('31','虚','搜索','2','热菜','true','') [ RunTime:0.2039s ]
INFO: [ view_parse ] --START--
INFO: [ template_filter ] --START--
INFO: Run Behavior\ContentReplaceBehavior [ RunTime:0.000219s ]
INFO: [ template_filter ] --END-- [ RunTime:0.000700s ]
INFO: Run Behavior\ParseTemplateBehavior [ RunTime:0.020053s ]
INFO: [ view_parse ] --END-- [ RunTime:0.020778s ]
INFO: [ view_filter ] --START--
INFO: Run Behavior\WriteHtmlCacheBehavior [ RunTime:0.001207s ]
INFO: [ view_filter ] --END-- [ RunTime:0.001761s ]
NOTIC: [8] A session had already been started - ignoring session_start() C:\wamp\www\hhw\Application\Home\Controller\IndexController.class.php 第 292 行.
INFO: [ app_end ] --START--
INFO: Run Behavior\ShowPageTraceBehavior [ RunTime:0.001499s ]
INFO: [ app_end ] --END-- [ RunTime:0.001914s ]

[ 2016-07-11T11:06:45+08:00 ] ::1 /hhw/index.php/Home/Index/admin_table
INFO: [ app_init ] --START--
INFO: Run Behavior\BuildLiteBehavior [ RunTime:0.000074s ]
INFO: [ app_init ] --END-- [ RunTime:0.001815s ]
INFO: [ app_begin ] --START--
INFO: Run Behavior\ReadHtmlCacheBehavior [ RunTime:0.000757s ]
INFO: [ app_begin ] --END-- [ RunTime:0.000971s ]
SQL: SELECT `rest_no` FROM `restaurant` WHERE `account` = 'vivianhhw'  [ RunTime:0.0061s ]
SQL: SELECT * FROM `restdish` WHERE `rest_no` = '31'  [ RunTime:0.0075s ]
SQL: SELECT `dish_name` FROM `restdish` WHERE `rest_no` = '31'  [ RunTime:0.0079s ]
SQL: SELECT * FROM `restdish` WHERE `rest_no` = '31' LIMIT 0,10   [ RunTime:0.0084s ]
INFO: [ view_parse ] --START--
INFO: [ template_filter ] --START--
INFO: Run Behavior\ContentReplaceBehavior [ RunTime:0.000298s ]
INFO: [ template_filter ] --END-- [ RunTime:0.001522s ]
INFO: Run Behavior\ParseTemplateBehavior [ RunTime:0.028855s ]
INFO: [ view_parse ] --END-- [ RunTime:0.029376s ]
INFO: [ view_filter ] --START--
INFO: Run Behavior\WriteHtmlCacheBehavior [ RunTime:0.001051s ]
INFO: [ view_filter ] --END-- [ RunTime:0.001560s ]
INFO: [ app_end ] --START--
INFO: Run Behavior\ShowPageTraceBehavior [ RunTime:0.001469s ]
INFO: [ app_end ] --END-- [ RunTime:0.002019s ]

[ 2016-07-11T11:07:15+08:00 ] ::1 /hhw/index.php/Home/Index/upload
INFO: [ app_init ] --START--
INFO: Run Behavior\BuildLiteBehavior [ RunTime:0.000031s ]
INFO: [ app_init ] --END-- [ RunTime:0.000530s ]
INFO: [ app_begin ] --START--
INFO: Run Behavior\ReadHtmlCacheBehavior [ RunTime:0.000957s ]
INFO: [ app_begin ] --END-- [ RunTime:0.001179s ]
SQL: SELECT `rest_no` FROM `restaurant` WHERE `account` = 'vivianhhw'  [ RunTime:0.0059s ]
SQL: INSERT INTO `restdish` (`rest_no`,`description`,`dish_name`,`price`,`type`,`signature`,`finish_pic`) VALUES ('31','虚','搜索','2','热菜','true','') [ RunTime:0.0097s ]
INFO: [ view_parse ] --START--
INFO: [ template_filter ] --START--
INFO: Run Behavior\ContentReplaceBehavior [ RunTime:0.000158s ]
INFO: [ template_filter ] --END-- [ RunTime:0.000409s ]
INFO: Run Behavior\ParseTemplateBehavior [ RunTime:0.009340s ]
INFO: [ view_parse ] --END-- [ RunTime:0.009518s ]
INFO: [ view_filter ] --START--
INFO: Run Behavior\WriteHtmlCacheBehavior [ RunTime:0.000471s ]
INFO: [ view_filter ] --END-- [ RunTime:0.000621s ]
NOTIC: [8] A session had already been started - ignoring session_start() C:\wamp\www\hhw\Application\Home\Controller\IndexController.class.php 第 292 行.
INFO: [ app_end ] --START--
INFO: Run Behavior\ShowPageTraceBehavior [ RunTime:0.000838s ]
INFO: [ app_end ] --END-- [ RunTime:0.001018s ]

[ 2016-07-11T11:07:16+08:00 ] ::1 /hhw/index.php/Home/Index/admin_table
INFO: [ app_init ] --START--
INFO: Run Behavior\BuildLiteBehavior [ RunTime:0.000083s ]
INFO: [ app_init ] --END-- [ RunTime:0.001276s ]
INFO: [ app_begin ] --START--
INFO: Run Behavior\ReadHtmlCacheBehavior [ RunTime:0.002182s ]
INFO: [ app_begin ] --END-- [ RunTime:0.002708s ]
SQL: SELECT `rest_no` FROM `restaurant` WHERE `account` = 'vivianhhw'  [ RunTime:0.0073s ]
SQL: SELECT * FROM `restdish` WHERE `rest_no` = '31'  [ RunTime:0.0084s ]
SQL: SELECT `dish_name` FROM `restdish` WHERE `rest_no` = '31'  [ RunTime:0.0088s ]
SQL: SELECT * FROM `restdish` WHERE `rest_no` = '31' LIMIT 0,10   [ RunTime:0.0094s ]
INFO: [ view_parse ] --START--
INFO: [ template_filter ] --START--
INFO: Run Behavior\ContentReplaceBehavior [ RunTime:0.000226s ]
INFO: [ template_filter ] --END-- [ RunTime:0.000485s ]
INFO: Run Behavior\ParseTemplateBehavior [ RunTime:0.032847s ]
INFO: [ view_parse ] --END-- [ RunTime:0.033231s ]
INFO: [ view_filter ] --START--
INFO: Run Behavior\WriteHtmlCacheBehavior [ RunTime:0.000685s ]
INFO: [ view_filter ] --END-- [ RunTime:0.000926s ]
INFO: [ app_end ] --START--
INFO: Run Behavior\ShowPageTraceBehavior [ RunTime:0.001493s ]
INFO: [ app_end ] --END-- [ RunTime:0.002005s ]

[ 2016-07-11T11:07:56+08:00 ] ::1 /hhw/index.php/Home/Index/admin_table
INFO: [ app_init ] --START--
INFO: Run Behavior\BuildLiteBehavior [ RunTime:0.000030s ]
INFO: [ app_init ] --END-- [ RunTime:0.000468s ]
INFO: [ app_begin ] --START--
INFO: Run Behavior\ReadHtmlCacheBehavior [ RunTime:0.002517s ]
INFO: [ app_begin ] --END-- [ RunTime:0.002765s ]
SQL: SELECT `rest_no` FROM `restaurant` WHERE `account` = 'vivianhhw'  [ RunTime:0.0081s ]
SQL: SELECT * FROM `restdish` WHERE `rest_no` = '31'  [ RunTime:0.0063s ]
SQL: SELECT `dish_name` FROM `restdish` WHERE `rest_no` = '31'  [ RunTime:0.0070s ]
SQL: SELECT * FROM `restdish` WHERE `rest_no` = '31' LIMIT 0,10   [ RunTime:0.0066s ]
INFO: [ view_parse ] --START--
INFO: [ template_filter ] --START--
INFO: Run Behavior\ContentReplaceBehavior [ RunTime:0.000135s ]
INFO: [ template_filter ] --END-- [ RunTime:0.000283s ]
INFO: Run Behavior\ParseTemplateBehavior [ RunTime:0.011011s ]
INFO: [ view_parse ] --END-- [ RunTime:0.011244s ]
INFO: [ view_filter ] --START--
INFO: Run Behavior\WriteHtmlCacheBehavior [ RunTime:0.001227s ]
INFO: [ view_filter ] --END-- [ RunTime:0.001632s ]
INFO: [ app_end ] --START--
INFO: Run Behavior\ShowPageTraceBehavior [ RunTime:0.000735s ]
INFO: [ app_end ] --END-- [ RunTime:0.000957s ]

[ 2016-07-11T11:07:59+08:00 ] ::1 /hhw/index.php/Home/Index/admin_table/p/2.html
INFO: [ app_init ] --START--
INFO: Run Behavior\BuildLiteBehavior [ RunTime:0.000031s ]
INFO: [ app_init ] --END-- [ RunTime:0.000485s ]
INFO: [ app_begin ] --START--
INFO: Run Behavior\ReadHtmlCacheBehavior [ RunTime:0.000529s ]
INFO: [ app_begin ] --END-- [ RunTime:0.000678s ]
SQL: SELECT `rest_no` FROM `restaurant` WHERE `account` = 'vivianhhw'  [ RunTime:0.0076s ]
SQL: SELECT * FROM `restdish` WHERE `rest_no` = '31'  [ RunTime:0.0065s ]
SQL: SELECT `dish_name` FROM `restdish` WHERE `rest_no` = '31'  [ RunTime:0.0064s ]
SQL: SELECT * FROM `restdish` WHERE `rest_no` = '31' LIMIT 10,10   [ RunTime:0.0085s ]
INFO: [ view_parse ] --START--
INFO: [ template_filter ] --START--
INFO: Run Behavior\ContentReplaceBehavior [ RunTime:0.000133s ]
INFO: [ template_filter ] --END-- [ RunTime:0.000298s ]
INFO: Run Behavior\ParseTemplateBehavior [ RunTime:0.011266s ]
INFO: [ view_parse ] --END-- [ RunTime:0.011518s ]
INFO: [ view_filter ] --START--
INFO: Run Behavior\WriteHtmlCacheBehavior [ RunTime:0.000411s ]
INFO: [ view_filter ] --END-- [ RunTime:0.000571s ]
INFO: [ app_end ] --START--
INFO: Run Behavior\ShowPageTraceBehavior [ RunTime:0.000670s ]
INFO: [ app_end ] --END-- [ RunTime:0.000831s ]

[ 2016-07-11T11:10:33+08:00 ] ::1 /hhw/index.php/Home/Index/admin_table/p/2.html
INFO: [ app_init ] --START--
INFO: Run Behavior\BuildLiteBehavior [ RunTime:0.000034s ]
INFO: [ app_init ] --END-- [ RunTime:0.000809s ]
INFO: [ app_begin ] --START--
INFO: Run Behavior\ReadHtmlCacheBehavior [ RunTime:0.000708s ]
INFO: [ app_begin ] --END-- [ RunTime:0.000873s ]
SQL: SELECT `rest_no` FROM `restaurant` WHERE `account` = 'vivianhhw'  [ RunTime:0.0082s ]
SQL: SELECT * FROM `restdish` WHERE `rest_no` = '31'  [ RunTime:0.0084s ]
SQL: SELECT `dish_name` FROM `restdish` WHERE `rest_no` = '31'  [ RunTime:0.0073s ]
NOTIC: [8] Undefined offset: 0 C:\wamp\www\hhw\Application\Home\Controller\IndexController.class.php 第 165 行.
SQL: SELECT * FROM `restdish` WHERE `rest_no` = '31' LIMIT 10,10   [ RunTime:0.0068s ]
INFO: [ view_parse ] --START--
INFO: [ template_filter ] --START--
INFO: Run Behavior\ContentReplaceBehavior [ RunTime:0.000366s ]
INFO: [ template_filter ] --END-- [ RunTime:0.000774s ]
INFO: Run Behavior\ParseTemplateBehavior [ RunTime:0.037807s ]
INFO: [ view_parse ] --END-- [ RunTime:0.038438s ]
INFO: [ view_filter ] --START--
INFO: Run Behavior\WriteHtmlCacheBehavior [ RunTime:0.001276s ]
INFO: [ view_filter ] --END-- [ RunTime:0.001663s ]
INFO: [ app_end ] --START--
INFO: Run Behavior\ShowPageTraceBehavior [ RunTime:0.002647s ]
INFO: [ app_end ] --END-- [ RunTime:0.003274s ]

[ 2016-07-11T11:10:35+08:00 ] ::1 /hhw/index.php/Home/Index/admin_table/p/admin-gallery.html
INFO: [ app_init ] --START--
INFO: Run Behavior\BuildLiteBehavior [ RunTime:0.000030s ]
INFO: [ app_init ] --END-- [ RunTime:0.000457s ]
INFO: [ app_begin ] --START--
INFO: Run Behavior\ReadHtmlCacheBehavior [ RunTime:0.000520s ]
INFO: [ app_begin ] --END-- [ RunTime:0.000669s ]
SQL: SELECT `rest_no` FROM `restaurant` WHERE `account` = 'vivianhhw'  [ RunTime:0.0077s ]
SQL: SELECT * FROM `restdish` WHERE `rest_no` = '31'  [ RunTime:0.0076s ]
SQL: SELECT `dish_name` FROM `restdish` WHERE `rest_no` = '31'  [ RunTime:0.0061s ]
NOTIC: [8] Undefined offset: 0 C:\wamp\www\hhw\Application\Home\Controller\IndexController.class.php 第 165 行.
SQL: SELECT * FROM `restdish` WHERE `rest_no` = '31' LIMIT 0,10   [ RunTime:0.0068s ]
INFO: [ view_parse ] --START--
INFO: [ template_filter ] --START--
INFO: Run Behavior\ContentReplaceBehavior [ RunTime:0.002608s ]
INFO: [ template_filter ] --END-- [ RunTime:0.003637s ]
INFO: Run Behavior\ParseTemplateBehavior [ RunTime:0.037492s ]
INFO: [ view_parse ] --END-- [ RunTime:0.038096s ]
INFO: [ view_filter ] --START--
INFO: Run Behavior\WriteHtmlCacheBehavior [ RunTime:0.001577s ]
INFO: [ view_filter ] --END-- [ RunTime:0.002296s ]
INFO: [ app_end ] --START--
INFO: Run Behavior\ShowPageTraceBehavior [ RunTime:0.002820s ]
INFO: [ app_end ] --END-- [ RunTime:0.003718s ]

[ 2016-07-11T11:10:37+08:00 ] ::1 /hhw/index.php/Home/Index/admin_table/p/admin-gallery.html
INFO: [ app_init ] --START--
INFO: Run Behavior\BuildLiteBehavior [ RunTime:0.000032s ]
INFO: [ app_init ] --END-- [ RunTime:0.000485s ]
INFO: [ app_begin ] --START--
INFO: Run Behavior\ReadHtmlCacheBehavior [ RunTime:0.000530s ]
INFO: [ app_begin ] --END-- [ RunTime:0.000680s ]
SQL: SELECT `rest_no` FROM `restaurant` WHERE `account` = 'vivianhhw'  [ RunTime:0.0082s ]
SQL: SELECT * FROM `restdish` WHERE `rest_no` = '31'  [ RunTime:0.0079s ]
SQL: SELECT `dish_name` FROM `restdish` WHERE `rest_no` = '31'  [ RunTime:0.0070s ]
NOTIC: [8] Undefined offset: 0 C:\wamp\www\hhw\Application\Home\Controller\IndexController.class.php 第 165 行.
SQL: SELECT * FROM `restdish` WHERE `rest_no` = '31' LIMIT 0,10   [ RunTime:0.0068s ]
INFO: [ view_parse ] --START--
INFO: [ template_filter ] --START--
INFO: Run Behavior\ContentReplaceBehavior [ RunTime:0.000327s ]
INFO: [ template_filter ] --END-- [ RunTime:0.000738s ]
INFO: Run Behavior\ParseTemplateBehavior [ RunTime:0.020069s ]
INFO: [ view_parse ] --END-- [ RunTime:0.020480s ]
INFO: [ view_filter ] --START--
INFO: Run Behavior\WriteHtmlCacheBehavior [ RunTime:0.000572s ]
INFO: [ view_filter ] --END-- [ RunTime:0.000845s ]
INFO: [ app_end ] --START--
INFO: Run Behavior\ShowPageTraceBehavior [ RunTime:0.000978s ]
INFO: [ app_end ] --END-- [ RunTime:0.001301s ]

[ 2016-07-11T11:10:38+08:00 ] ::1 /hhw/index.php/Home/Index/admin_table/p/admin-log.html
INFO: [ app_init ] --START--
INFO: Run Behavior\BuildLiteBehavior [ RunTime:0.000030s ]
INFO: [ app_init ] --END-- [ RunTime:0.000457s ]
INFO: [ app_begin ] --START--
INFO: Run Behavior\ReadHtmlCacheBehavior [ RunTime:0.000521s ]
INFO: [ app_begin ] --END-- [ RunTime:0.000669s ]
SQL: SELECT `rest_no` FROM `restaurant` WHERE `account` = 'vivianhhw'  [ RunTime:0.0139s ]
SQL: SELECT * FROM `restdish` WHERE `rest_no` = '31'  [ RunTime:0.0078s ]
SQL: SELECT `dish_name` FROM `restdish` WHERE `rest_no` = '31'  [ RunTime:0.0083s ]
NOTIC: [8] Undefined offset: 0 C:\wamp\www\hhw\Application\Home\Controller\IndexController.class.php 第 165 行.
SQL: SELECT * FROM `restdish` WHERE `rest_no` = '31' LIMIT 0,10   [ RunTime:0.0064s ]
INFO: [ view_parse ] --START--
INFO: [ template_filter ] --START--
INFO: Run Behavior\ContentReplaceBehavior [ RunTime:0.000314s ]
INFO: [ template_filter ] --END-- [ RunTime:0.000676s ]
INFO: Run Behavior\ParseTemplateBehavior [ RunTime:0.030245s ]
INFO: [ view_parse ] --END-- [ RunTime:0.030825s ]
INFO: [ view_filter ] --START--
INFO: Run Behavior\WriteHtmlCacheBehavior [ RunTime:0.000855s ]
INFO: [ view_filter ] --END-- [ RunTime:0.001217s ]
INFO: [ app_end ] --START--
INFO: Run Behavior\ShowPageTraceBehavior [ RunTime:0.001522s ]
INFO: [ app_end ] --END-- [ RunTime:0.001969s ]

[ 2016-07-11T11:10:39+08:00 ] ::1 /hhw/index.php/Home/Index/admin_table/p/admin_dish.html
INFO: [ app_init ] --START--
INFO: Run Behavior\BuildLiteBehavior [ RunTime:0.000032s ]
INFO: [ app_init ] --END-- [ RunTime:0.000487s ]
INFO: [ app_begin ] --START--
INFO: Run Behavior\ReadHtmlCacheBehavior [ RunTime:0.000779s ]
INFO: [ app_begin ] --END-- [ RunTime:0.001066s ]
SQL: SELECT `rest_no` FROM `restaurant` WHERE `account` = 'vivianhhw'  [ RunTime:0.0087s ]
SQL: SELECT * FROM `restdish` WHERE `rest_no` = '31'  [ RunTime:0.0080s ]
SQL: SELECT `dish_name` FROM `restdish` WHERE `rest_no` = '31'  [ RunTime:0.0062s ]
NOTIC: [8] Undefined offset: 0 C:\wamp\www\hhw\Application\Home\Controller\IndexController.class.php 第 165 行.
SQL: SELECT * FROM `restdish` WHERE `rest_no` = '31' LIMIT 0,10   [ RunTime:0.0081s ]
INFO: [ view_parse ] --START--
INFO: [ template_filter ] --START--
INFO: Run Behavior\ContentReplaceBehavior [ RunTime:0.000200s ]
INFO: [ template_filter ] --END-- [ RunTime:0.000431s ]
INFO: Run Behavior\ParseTemplateBehavior [ RunTime:0.017509s ]
INFO: [ view_parse ] --END-- [ RunTime:0.017742s ]
INFO: [ view_filter ] --START--
INFO: Run Behavior\WriteHtmlCacheBehavior [ RunTime:0.000483s ]
INFO: [ view_filter ] --END-- [ RunTime:0.000696s ]
INFO: [ app_end ] --START--
INFO: Run Behavior\ShowPageTraceBehavior [ RunTime:0.001454s ]
INFO: [ app_end ] --END-- [ RunTime:0.001827s ]

[ 2016-07-11T11:10:40+08:00 ] ::1 /hhw/index.php/Home/Index/admin_table/p/admin-gallery.html
INFO: [ app_init ] --START--
INFO: Run Behavior\BuildLiteBehavior [ RunTime:0.000052s ]
INFO: [ app_init ] --END-- [ RunTime:0.000816s ]
INFO: [ app_begin ] --START--
INFO: Run Behavior\ReadHtmlCacheBehavior [ RunTime:0.000651s ]
INFO: [ app_begin ] --END-- [ RunTime:0.000850s ]
SQL: SELECT `rest_no` FROM `restaurant` WHERE `account` = 'vivianhhw'  [ RunTime:0.0097s ]
SQL: SELECT * FROM `restdish` WHERE `rest_no` = '31'  [ RunTime:0.0064s ]
SQL: SELECT `dish_name` FROM `restdish` WHERE `rest_no` = '31'  [ RunTime:0.0063s ]
NOTIC: [8] Undefined offset: 0 C:\wamp\www\hhw\Application\Home\Controller\IndexController.class.php 第 165 行.
SQL: SELECT * FROM `restdish` WHERE `rest_no` = '31' LIMIT 0,10   [ RunTime:0.0066s ]
INFO: [ view_parse ] --START--
INFO: [ template_filter ] --START--
INFO: Run Behavior\ContentReplaceBehavior [ RunTime:0.000245s ]
INFO: [ template_filter ] --END-- [ RunTime:0.000523s ]
INFO: Run Behavior\ParseTemplateBehavior [ RunTime:0.024119s ]
INFO: [ view_parse ] --END-- [ RunTime:0.024521s ]
INFO: [ view_filter ] --START--
INFO: Run Behavior\WriteHtmlCacheBehavior [ RunTime:0.000604s ]
INFO: [ view_filter ] --END-- [ RunTime:0.000856s ]
INFO: [ app_end ] --START--
INFO: Run Behavior\ShowPageTraceBehavior [ RunTime:0.001601s ]
INFO: [ app_end ] --END-- [ RunTime:0.002015s ]

[ 2016-07-11T11:10:41+08:00 ] ::1 /hhw/index.php/Home/Index/admin_table/p/admin_user.html
INFO: [ app_init ] --START--
INFO: Run Behavior\BuildLiteBehavior [ RunTime:0.000031s ]
INFO: [ app_init ] --END-- [ RunTime:0.000499s ]
INFO: [ app_begin ] --START--
INFO: Run Behavior\ReadHtmlCacheBehavior [ RunTime:0.000525s ]
INFO: [ app_begin ] --END-- [ RunTime:0.000674s ]
SQL: SELECT `rest_no` FROM `restaurant` WHERE `account` = 'vivianhhw'  [ RunTime:0.0064s ]
SQL: SELECT * FROM `restdish` WHERE `rest_no` = '31'  [ RunTime:0.0070s ]
SQL: SELECT `dish_name` FROM `restdish` WHERE `rest_no` = '31'  [ RunTime:0.0070s ]
NOTIC: [8] Undefined offset: 0 C:\wamp\www\hhw\Application\Home\Controller\IndexController.class.php 第 165 行.
SQL: SELECT * FROM `restdish` WHERE `rest_no` = '31' LIMIT 0,10   [ RunTime:0.0115s ]
INFO: [ view_parse ] --START--
INFO: [ template_filter ] --START--
INFO: Run Behavior\ContentReplaceBehavior [ RunTime:0.000321s ]
INFO: [ template_filter ] --END-- [ RunTime:0.000686s ]
INFO: Run Behavior\ParseTemplateBehavior [ RunTime:0.027875s ]
INFO: [ view_parse ] --END-- [ RunTime:0.028488s ]
INFO: [ view_filter ] --START--
INFO: Run Behavior\WriteHtmlCacheBehavior [ RunTime:0.001416s ]
INFO: [ view_filter ] --END-- [ RunTime:0.001786s ]
INFO: [ app_end ] --START--
INFO: Run Behavior\ShowPageTraceBehavior [ RunTime:0.001500s ]
INFO: [ app_end ] --END-- [ RunTime:0.001869s ]

[ 2016-07-11T11:10:42+08:00 ] ::1 /hhw/index.php/Home/Index/admin_table/p/admin-gallery.html
INFO: [ app_init ] --START--
INFO: Run Behavior\BuildLiteBehavior [ RunTime:0.000034s ]
INFO: [ app_init ] --END-- [ RunTime:0.000589s ]
INFO: [ app_begin ] --START--
INFO: Run Behavior\ReadHtmlCacheBehavior [ RunTime:0.000538s ]
INFO: [ app_begin ] --END-- [ RunTime:0.000690s ]
SQL: SELECT `rest_no` FROM `restaurant` WHERE `account` = 'vivianhhw'  [ RunTime:0.0057s ]
SQL: SELECT * FROM `restdish` WHERE `rest_no` = '31'  [ RunTime:0.0077s ]
SQL: SELECT `dish_name` FROM `restdish` WHERE `rest_no` = '31'  [ RunTime:0.0059s ]
NOTIC: [8] Undefined offset: 0 C:\wamp\www\hhw\Application\Home\Controller\IndexController.class.php 第 165 行.
SQL: SELECT * FROM `restdish` WHERE `rest_no` = '31' LIMIT 0,10   [ RunTime:0.0064s ]
INFO: [ view_parse ] --START--
INFO: [ template_filter ] --START--
INFO: Run Behavior\ContentReplaceBehavior [ RunTime:0.000471s ]
INFO: [ template_filter ] --END-- [ RunTime:0.000939s ]
INFO: Run Behavior\ParseTemplateBehavior [ RunTime:0.023183s ]
INFO: [ view_parse ] --END-- [ RunTime:0.023522s ]
INFO: [ view_filter ] --START--
INFO: Run Behavior\WriteHtmlCacheBehavior [ RunTime:0.000491s ]
INFO: [ view_filter ] --END-- [ RunTime:0.000696s ]
INFO: [ app_end ] --START--
INFO: Run Behavior\ShowPageTraceBehavior [ RunTime:0.001349s ]
INFO: [ app_end ] --END-- [ RunTime:0.001918s ]

[ 2016-07-11T11:10:44+08:00 ] ::1 /hhw/index.php/Home/Index/admin_table/p/admin-gallery.html
INFO: [ app_init ] --START--
INFO: Run Behavior\BuildLiteBehavior [ RunTime:0.000036s ]
INFO: [ app_init ] --END-- [ RunTime:0.000563s ]
INFO: [ app_begin ] --START--
INFO: Run Behavior\ReadHtmlCacheBehavior [ RunTime:0.000591s ]
INFO: [ app_begin ] --END-- [ RunTime:0.000753s ]
SQL: SELECT `rest_no` FROM `restaurant` WHERE `account` = 'vivianhhw'  [ RunTime:0.0070s ]
SQL: SELECT * FROM `restdish` WHERE `rest_no` = '31'  [ RunTime:0.0073s ]
SQL: SELECT `dish_name` FROM `restdish` WHERE `rest_no` = '31'  [ RunTime:0.0077s ]
NOTIC: [8] Undefined offset: 0 C:\wamp\www\hhw\Application\Home\Controller\IndexController.class.php 第 165 行.
SQL: SELECT * FROM `restdish` WHERE `rest_no` = '31' LIMIT 0,10   [ RunTime:0.0081s ]
INFO: [ view_parse ] --START--
INFO: [ template_filter ] --START--
INFO: Run Behavior\ContentReplaceBehavior [ RunTime:0.000220s ]
INFO: [ template_filter ] --END-- [ RunTime:0.000495s ]
INFO: Run Behavior\ParseTemplateBehavior [ RunTime:0.013300s ]
INFO: [ view_parse ] --END-- [ RunTime:0.013495s ]
INFO: [ view_filter ] --START--
INFO: Run Behavior\WriteHtmlCacheBehavior [ RunTime:0.000585s ]
INFO: [ view_filter ] --END-- [ RunTime:0.000765s ]
INFO: [ app_end ] --START--
INFO: Run Behavior\ShowPageTraceBehavior [ RunTime:0.000898s ]
INFO: [ app_end ] --END-- [ RunTime:0.001191s ]

[ 2016-07-11T11:10:52+08:00 ] ::1 /hhw/
INFO: [ app_init ] --START--
INFO: Run Behavior\BuildLiteBehavior [ RunTime:0.000047s ]
INFO: [ app_init ] --END-- [ RunTime:0.000729s ]
INFO: [ app_begin ] --START--
INFO: Run Behavior\ReadHtmlCacheBehavior [ RunTime:0.000833s ]
INFO: [ app_begin ] --END-- [ RunTime:0.001073s ]
INFO: [ view_parse ] --START--
INFO: [ template_filter ] --START--
INFO: Run Behavior\ContentReplaceBehavior [ RunTime:0.000300s ]
INFO: [ template_filter ] --END-- [ RunTime:0.000700s ]
INFO: Run Behavior\ParseTemplateBehavior [ RunTime:0.020529s ]
INFO: [ view_parse ] --END-- [ RunTime:0.020963s ]
INFO: [ view_filter ] --START--
INFO: Run Behavior\WriteHtmlCacheBehavior [ RunTime:0.000819s ]
INFO: [ view_filter ] --END-- [ RunTime:0.001140s ]
INFO: [ app_end ] --START--
INFO: Run Behavior\ShowPageTraceBehavior [ RunTime:0.001214s ]
INFO: [ app_end ] --END-- [ RunTime:0.001448s ]

